[laravel.pixelstrap.com/viho/dashboard.html]
[backblue.gif]
[fade.gif]
[index.html]
[laravel.pixelstrap.com/viho/assets/images/favicon.png]
[laravel.pixelstrap.com/viho/assets/images/logo/logo.png]
[laravel.pixelstrap.com/viho/assets/images/logo/dark-logo.png]
[laravel.pixelstrap.com/viho/assets/images/user/4.jpg]
[laravel.pixelstrap.com/viho/assets/images/user/1.jpg]
[laravel.pixelstrap.com/viho/assets/images/user/2.jpg]
[laravel.pixelstrap.com/viho/assets/images/dashboard/1.png]
[laravel.pixelstrap.com/viho/user-profile]
[laravel.pixelstrap.com/viho/dashboard/dashboard-02.html]
[laravel.pixelstrap.com/viho/widgets/general-widget.html]
[laravel.pixelstrap.com/viho/widgets/chart-widget.html]
[laravel.pixelstrap.com/viho/ui-kits/state-color.html]
[laravel.pixelstrap.com/viho/ui-kits/typography.html]
[laravel.pixelstrap.com/viho/ui-kits/avatars.html]
[laravel.pixelstrap.com/viho/ui-kits/helper-classes.html]
[laravel.pixelstrap.com/viho/ui-kits/grid.html]
[laravel.pixelstrap.com/viho/ui-kits/tag-pills.html]
[laravel.pixelstrap.com/viho/ui-kits/progress-bar.html]
[laravel.pixelstrap.com/viho/ui-kits/modal.html]
[laravel.pixelstrap.com/viho/ui-kits/alert.html]
[laravel.pixelstrap.com/viho/ui-kits/popover.html]
[laravel.pixelstrap.com/viho/ui-kits/tooltip.html]
[laravel.pixelstrap.com/viho/ui-kits/loader.html]
[laravel.pixelstrap.com/viho/ui-kits/dropdown.html]
[laravel.pixelstrap.com/viho/ui-kits/according.html]
[laravel.pixelstrap.com/viho/ui-kits/tab-bootstrap.html]
[laravel.pixelstrap.com/viho/ui-kits/tab-material.html]
[laravel.pixelstrap.com/viho/ui-kits/navs.html]
[laravel.pixelstrap.com/viho/ui-kits/box-shadow.html]
[laravel.pixelstrap.com/viho/ui-kits/list.html]
[laravel.pixelstrap.com/viho/bonus-ui/scrollable.html]
[laravel.pixelstrap.com/viho/bonus-ui/tree.html]
[laravel.pixelstrap.com/viho/bonus-ui/bootstrap-notify.html]
[laravel.pixelstrap.com/viho/bonus-ui/rating.html]
[laravel.pixelstrap.com/viho/bonus-ui/dropzone.html]
[laravel.pixelstrap.com/viho/bonus-ui/tour.html]
[laravel.pixelstrap.com/viho/bonus-ui/sweet-alert2.html]
[laravel.pixelstrap.com/viho/bonus-ui/modal-animated.html]
[laravel.pixelstrap.com/viho/bonus-ui/owl-carousel.html]
[laravel.pixelstrap.com/viho/bonus-ui/ribbons.html]
[laravel.pixelstrap.com/viho/bonus-ui/pagination.html]
[laravel.pixelstrap.com/viho/bonus-ui/steps.html]
[laravel.pixelstrap.com/viho/bonus-ui/breadcrumb.html]
[laravel.pixelstrap.com/viho/bonus-ui/range-slider.html]
[laravel.pixelstrap.com/viho/bonus-ui/image-cropper.html]
[laravel.pixelstrap.com/viho/bonus-ui/sticky.html]
[laravel.pixelstrap.com/viho/bonus-ui/basic-card.html]
[laravel.pixelstrap.com/viho/bonus-ui/creative-card.html]
[laravel.pixelstrap.com/viho/bonus-ui/tabbed-card.html]
[laravel.pixelstrap.com/viho/bonus-ui/dragable-card.html]
[laravel.pixelstrap.com/viho/bonus-ui/timeline-v-1.html]
[laravel.pixelstrap.com/viho/bonus-ui/timeline-v-2.html]
[laravel.pixelstrap.com/viho/builders/form-builder-1.html]
[laravel.pixelstrap.com/viho/builders/form-builder-2.html]
[laravel.pixelstrap.com/viho/builders/pagebuild.html]
[laravel.pixelstrap.com/viho/builders/button-builder.html]
[laravel.pixelstrap.com/viho/animation/animate.html]
[laravel.pixelstrap.com/viho/animation/scroll-reval.html]
[laravel.pixelstrap.com/viho/animation/aos.html]
[laravel.pixelstrap.com/viho/animation/tilt.html]
[laravel.pixelstrap.com/viho/animation/wow.html]
[laravel.pixelstrap.com/viho/icons/flag-icon.html]
[laravel.pixelstrap.com/viho/icons/font-awesome.html]
[laravel.pixelstrap.com/viho/icons/ico-icon.html]
[laravel.pixelstrap.com/viho/icons/themify-icon.html]
[laravel.pixelstrap.com/viho/icons/feather-icon.html]
[laravel.pixelstrap.com/viho/icons/whether-icon.html]
[laravel.pixelstrap.com/viho/buttons/buttons.html]
[laravel.pixelstrap.com/viho/buttons/buttons-flat.html]
[laravel.pixelstrap.com/viho/buttons/buttons-edge.html]
[laravel.pixelstrap.com/viho/buttons/raised-button.html]
[laravel.pixelstrap.com/viho/buttons/button-group.html]
[laravel.pixelstrap.com/viho/charts/chart-apex.html]
[laravel.pixelstrap.com/viho/charts/chart-google.html]
[laravel.pixelstrap.com/viho/charts/chart-sparkline.html]
[laravel.pixelstrap.com/viho/charts/chart-flot.html]
[laravel.pixelstrap.com/viho/charts/chart-knob.html]
[laravel.pixelstrap.com/viho/charts/chart-morris.html]
[laravel.pixelstrap.com/viho/charts/chartjs.html]
[laravel.pixelstrap.com/viho/charts/chartist.html]
[laravel.pixelstrap.com/viho/charts/chart-peity.html]
[laravel.pixelstrap.com/viho/form-controls/form-validation.html]
[laravel.pixelstrap.com/viho/form-controls/base-input.html]
[laravel.pixelstrap.com/viho/form-controls/radio-checkbox-control.html]
[laravel.pixelstrap.com/viho/form-controls/input-group.html]
[laravel.pixelstrap.com/viho/form-controls/megaoptions.html]
[laravel.pixelstrap.com/viho/form-widgets/datepicker.html]
[laravel.pixelstrap.com/viho/form-widgets/time-picker.html]
[laravel.pixelstrap.com/viho/form-widgets/datetimepicker.html]
[laravel.pixelstrap.com/viho/form-widgets/daterangepicker.html]
[laravel.pixelstrap.com/viho/form-widgets/touchspin.html]
[laravel.pixelstrap.com/viho/form-widgets/select2.html]
[laravel.pixelstrap.com/viho/form-widgets/switch.html]
[laravel.pixelstrap.com/viho/form-widgets/typeahead.html]
[laravel.pixelstrap.com/viho/form-widgets/clipboard.html]
[laravel.pixelstrap.com/viho/form-layout/default-form.html]
[laravel.pixelstrap.com/viho/form-layout/form-wizard.html]
[laravel.pixelstrap.com/viho/form-layout/form-wizard-two.html]
[laravel.pixelstrap.com/viho/form-layout/form-wizard-three.html]
[laravel.pixelstrap.com/viho/bootstrap-tables/bootstrap-basic-table.html]
[laravel.pixelstrap.com/viho/bootstrap-tables/bootstrap-sizing-table.html]
[laravel.pixelstrap.com/viho/bootstrap-tables/bootstrap-border-table.html]
[laravel.pixelstrap.com/viho/bootstrap-tables/bootstrap-styling-table.html]
[laravel.pixelstrap.com/viho/bootstrap-tables/table-components.html]
[laravel.pixelstrap.com/viho/data-tables/datatable-basic-init.html]
[laravel.pixelstrap.com/viho/data-tables/datatable-advance.html]
[laravel.pixelstrap.com/viho/data-tables/datatable-styling.html]
[laravel.pixelstrap.com/viho/data-tables/datatable-AJAX.html]
[laravel.pixelstrap.com/viho/data-tables/datatable-server-side.html]
[laravel.pixelstrap.com/viho/data-tables/datatable-plugin.html]
[laravel.pixelstrap.com/viho/data-tables/datatable-API.html]
[laravel.pixelstrap.com/viho/data-tables/datatable-data-source.html]
[laravel.pixelstrap.com/viho/ex-data-tables/datatable-ext-autofill.html]
[laravel.pixelstrap.com/viho/ex-data-tables/datatable-ext-basic-button.html]
[laravel.pixelstrap.com/viho/ex-data-tables/datatable-ext-col-reorder.html]
[laravel.pixelstrap.com/viho/ex-data-tables/datatable-ext-fixed-header.html]
[laravel.pixelstrap.com/viho/ex-data-tables/datatable-ext-key-table.html]
[laravel.pixelstrap.com/viho/ex-data-tables/datatable-ext-responsive.html]
[laravel.pixelstrap.com/viho/ex-data-tables/datatable-ext-row-reorder.html]
[laravel.pixelstrap.com/viho/ex-data-tables/datatable-ext-scroller.html]
[laravel.pixelstrap.com/viho/jsgrid-table.html]
[laravel.pixelstrap.com/viho/project/projects.html]
[laravel.pixelstrap.com/viho/project/projectcreate.html]
[laravel.pixelstrap.com/viho/file-manager.html]
[laravel.pixelstrap.com/viho/kanban.html]
[laravel.pixelstrap.com/viho/ecommerce/product.html]
[laravel.pixelstrap.com/viho/ecommerce/product-page.html]
[laravel.pixelstrap.com/viho/ecommerce/list-products.html]
[laravel.pixelstrap.com/viho/ecommerce/payment-details.html]
[laravel.pixelstrap.com/viho/ecommerce/order-history.html]
[laravel.pixelstrap.com/viho/ecommerce/invoice-template.html]
[laravel.pixelstrap.com/viho/ecommerce/cart.html]
[laravel.pixelstrap.com/viho/ecommerce/list-wish.html]
[laravel.pixelstrap.com/viho/ecommerce/checkout.html]
[laravel.pixelstrap.com/viho/ecommerce/pricing.html]
[laravel.pixelstrap.com/viho/email/email_inbox.html]
[laravel.pixelstrap.com/viho/email/email_read.html]
[laravel.pixelstrap.com/viho/email/email_compose.html]
[laravel.pixelstrap.com/viho/chat/chat.html]
[laravel.pixelstrap.com/viho/chat/chat-video.html]
[laravel.pixelstrap.com/viho/users/user-profile.html]
[laravel.pixelstrap.com/viho/users/edit-profile.html]
[laravel.pixelstrap.com/viho/users/user-cards.html]
[laravel.pixelstrap.com/viho/bookmark.html]
[laravel.pixelstrap.com/viho/contacts.html]
[laravel.pixelstrap.com/viho/task.html]
[laravel.pixelstrap.com/viho/calendar-basic.html]
[laravel.pixelstrap.com/viho/social-app.html]
[laravel.pixelstrap.com/viho/to-do.html]
[laravel.pixelstrap.com/viho/search.html]
[laravel.pixelstrap.com/viho/sample-page.html]
[laravel.pixelstrap.com/viho/internationalization.html]
[laravel.pixelstrap.com/viho/error-page1.html]
[laravel.pixelstrap.com/viho/error-page2.html]
[laravel.pixelstrap.com/viho/error-page3.html]
[laravel.pixelstrap.com/viho/error-page4.html]
[laravel.pixelstrap.com/viho/login.html]
[laravel.pixelstrap.com/viho/login_one.html]
[laravel.pixelstrap.com/viho/login_two.html]
[laravel.pixelstrap.com/viho/login-bs-validation.html]
[laravel.pixelstrap.com/viho/login-bs-tt-validation.html]
[laravel.pixelstrap.com/viho/login-sa-validation]
[laravel.pixelstrap.com/viho/sign-up.html]
[laravel.pixelstrap.com/viho/sign-up-one.html]
[laravel.pixelstrap.com/viho/sign-up-two.html]
[laravel.pixelstrap.com/viho/unlock.html]
[laravel.pixelstrap.com/viho/forget-password.html]
[laravel.pixelstrap.com/viho/creat-password.html]
[laravel.pixelstrap.com/viho/maintenance.html]
[laravel.pixelstrap.com/viho/comingsoon.html]
[laravel.pixelstrap.com/viho/comingsoon-bg-video.html]
[laravel.pixelstrap.com/viho/comingsoon-bg-img.html]
[laravel.pixelstrap.com/viho/basic-template.html]
[laravel.pixelstrap.com/viho/email-header.html]
[laravel.pixelstrap.com/viho/template-email.html]
[laravel.pixelstrap.com/viho/template-email-2.html]
[laravel.pixelstrap.com/viho/ecommerce-templates.html]
[laravel.pixelstrap.com/viho/email-order-success.html]
[laravel.pixelstrap.com/viho/gallery.html]
[laravel.pixelstrap.com/viho/gallery/gallery-with-description.html]
[laravel.pixelstrap.com/viho/gallery/gallery-masonry.html]
[laravel.pixelstrap.com/viho/gallery/masonry-gallery-with-disc.html]
[laravel.pixelstrap.com/viho/gallery/gallery-hover.html]
[laravel.pixelstrap.com/viho/blog.html]
[laravel.pixelstrap.com/viho/blog/blog-single.html]
[laravel.pixelstrap.com/viho/blog/add-post.html]
[laravel.pixelstrap.com/viho/faq.html]
[laravel.pixelstrap.com/viho/job-search/job-cards-view.html]
[laravel.pixelstrap.com/viho/job-search/job-list-view.html]
[laravel.pixelstrap.com/viho/job-search/job-details.html]
[laravel.pixelstrap.com/viho/job-search/job-apply.html]
[laravel.pixelstrap.com/viho/learning/learning-list-view.html]
[laravel.pixelstrap.com/viho/learning/learning-detailed.html]
[laravel.pixelstrap.com/viho/maps/map-js.html]
[laravel.pixelstrap.com/viho/maps/vector-map.html]
[laravel.pixelstrap.com/viho/editors/summernote.html]
[laravel.pixelstrap.com/viho/editors/ckeditor.html]
[laravel.pixelstrap.com/viho/editors/simple-MDE.html]
[laravel.pixelstrap.com/viho/editors/ace-code-editor.html]
[laravel.pixelstrap.com/viho/knowledgebase.html]
[laravel.pixelstrap.com/viho/assets/images/dashboard/product-1.png]
[laravel.pixelstrap.com/viho/assets/images/dashboard/graph-1.png]
[laravel.pixelstrap.com/viho/assets/images/dashboard/product-2.png]
[laravel.pixelstrap.com/viho/assets/images/dashboard/graph-2.png]
[laravel.pixelstrap.com/viho/assets/images/dashboard/product-3.png]
[laravel.pixelstrap.com/viho/assets/images/dashboard/graph-3.png]
[laravel.pixelstrap.com/viho/assets/images/dashboard/product-4.png]
[laravel.pixelstrap.com/viho/assets/images/dashboard/graph-4.png]
[laravel.pixelstrap.com/viho/assets/images/dashboard/product-5.png]
[laravel.pixelstrap.com/viho/assets/images/dashboard/graph-5.png]
[laravel.pixelstrap.com/viho/assets/js/jquery-3.5.1.min.js]
[laravel.pixelstrap.com/viho/assets/js/icons/feather-icon/feather.min.js]
[laravel.pixelstrap.com/viho/assets/js/icons/feather-icon/feather-icon.js]
[laravel.pixelstrap.com/viho/assets/js/sidebar-menu.js]
[laravel.pixelstrap.com/viho/assets/js/config.js]
[laravel.pixelstrap.com/viho/assets/js/bootstrap/popper.min.js]
[laravel.pixelstrap.com/viho/assets/js/bootstrap/bootstrap.min.js]
[laravel.pixelstrap.com/viho/assets/js/chart/chartist/chartist.js]
[laravel.pixelstrap.com/viho/assets/js/chart/chartist/chartist-plugin-tooltip.js]
[laravel.pixelstrap.com/viho/assets/js/chart/knob/knob.min.js]
[laravel.pixelstrap.com/viho/assets/js/chart/knob/knob-chart.js]
[laravel.pixelstrap.com/viho/assets/js/chart/apex-chart/apex-chart.js]
[laravel.pixelstrap.com/viho/assets/js/chart/apex-chart/stock-prices.js]
[laravel.pixelstrap.com/viho/assets/js/prism/prism.min.js]
[laravel.pixelstrap.com/viho/assets/js/clipboard/clipboard.min.js]
[laravel.pixelstrap.com/viho/assets/js/counter/jquery.waypoints.min.js]
[laravel.pixelstrap.com/viho/assets/js/counter/jquery.counterup.min.js]
[laravel.pixelstrap.com/viho/assets/js/counter/counter-custom.js]
[laravel.pixelstrap.com/viho/assets/js/custom-card/custom-card.js]
[laravel.pixelstrap.com/viho/assets/js/notify/bootstrap-notify.min.js]
[laravel.pixelstrap.com/viho/assets/js/vector-map/jquery-jvectormap-2.0.2.min.js]
[laravel.pixelstrap.com/viho/assets/js/vector-map/map/jquery-jvectormap-world-mill-en.js]
[laravel.pixelstrap.com/viho/assets/js/vector-map/map/jquery-jvectormap-us-aea-en.js]
[laravel.pixelstrap.com/viho/assets/js/vector-map/map/jquery-jvectormap-uk-mill-en.js]
[laravel.pixelstrap.com/viho/assets/js/vector-map/map/jquery-jvectormap-au-mill.js]
[laravel.pixelstrap.com/viho/assets/js/vector-map/map/jquery-jvectormap-chicago-mill-en.js]
[laravel.pixelstrap.com/viho/assets/js/vector-map/map/jquery-jvectormap-in-mill.js]
[laravel.pixelstrap.com/viho/assets/js/vector-map/map/jquery-jvectormap-asia-mill.js]
[laravel.pixelstrap.com/viho/assets/js/dashboard/default.js]
[laravel.pixelstrap.com/viho/assets/js/notify/index.js]
[laravel.pixelstrap.com/viho/assets/js/datepicker/date-picker/datepicker.js]
[laravel.pixelstrap.com/viho/assets/js/datepicker/date-picker/datepicker.en.js]
[laravel.pixelstrap.com/viho/assets/js/datepicker/date-picker/datepicker.custom.js]
[laravel.pixelstrap.com/viho/assets/js/script.js]
[laravel.pixelstrap.com/viho/assets/js/theme-customizer/customizer.js]
[laravel.pixelstrap.com/viho/dashboard.html]
[laravel.pixelstrap.com/viho/assets/fonts/font-awesome/fontawesome-webfont3e6e.eot]
[laravel.pixelstrap.com/viho/assets/fonts/font-awesome/fontawesome-webfontd41d.eot]
[laravel.pixelstrap.com/viho/assets/fonts/font-awesome/fontawesome-webfont3e6e.woff2]
[laravel.pixelstrap.com/viho/assets/fonts/font-awesome/fontawesome-webfont3e6e.woff]
[laravel.pixelstrap.com/viho/assets/fonts/font-awesome/fontawesome-webfont3e6e.ttf]
[laravel.pixelstrap.com/viho/assets/css/fontawesome.css]
[laravel.pixelstrap.com/viho/assets/fonts/ico/icofont7858.eot]
[laravel.pixelstrap.com/viho/assets/fonts/ico/icofont7858.ttf]
[laravel.pixelstrap.com/viho/assets/fonts/ico/icofont7858.woff]
[laravel.pixelstrap.com/viho/assets/css/icofont.css]
[laravel.pixelstrap.com/viho/assets/fonts/themify/themify9f24.eot]
[laravel.pixelstrap.com/viho/assets/fonts/themify/themifyd41d.eot]
[laravel.pixelstrap.com/viho/assets/fonts/themify/themify9f24.woff]
[laravel.pixelstrap.com/viho/assets/fonts/themify/themify9f24.ttf]
[laravel.pixelstrap.com/viho/assets/css/themify.css]
[laravel.pixelstrap.com/viho/assets/css/flag-icon.css]
[laravel.pixelstrap.com/viho/assets/css/feather-icon.css]
[laravel.pixelstrap.com/viho/assets/css/animate.css]
[laravel.pixelstrap.com/viho/assets/css/chartist.css]
[laravel.pixelstrap.com/viho/assets/css/date-picker.css]
[laravel.pixelstrap.com/viho/assets/css/prism.css]
[laravel.pixelstrap.com/viho/assets/css/vector-map.css]
[laravel.pixelstrap.com/viho/assets/css/bootstrap.css]
[laravel.pixelstrap.com/viho/assets/images/other-images/maintenance-bg.jpg]
[laravel.pixelstrap.com/viho/assets/images/other-images/coming-soon-bg.jpg]
[laravel.pixelstrap.com/viho/assets/images/details_open.png]
[laravel.pixelstrap.com/viho/assets/images/details_close.png]
[laravel.pixelstrap.com/viho/assets/images/sidebar-pattern/1.png]
[laravel.pixelstrap.com/viho/assets/images/sidebar-image/1.jpg]
[laravel.pixelstrap.com/viho/assets/images/sidebar-pattern/2.png]
[laravel.pixelstrap.com/viho/assets/images/sidebar-image/2.jpg]
[laravel.pixelstrap.com/viho/assets/images/sidebar-pattern/3.png]
[laravel.pixelstrap.com/viho/assets/images/sidebar-image/3.jpg]
[laravel.pixelstrap.com/viho/assets/images/sidebar-pattern/4.png]
[laravel.pixelstrap.com/viho/assets/images/sidebar-image/4.jpg]
[laravel.pixelstrap.com/viho/assets/images/sidebar-pattern/5.png]
[laravel.pixelstrap.com/viho/assets/images/sidebar-image/5.jpg]
[laravel.pixelstrap.com/viho/assets/images/sidebar-pattern/6.png]
[laravel.pixelstrap.com/viho/assets/images/sidebar-image/6.jpg]
[laravel.pixelstrap.com/viho/assets/images/dashboard/bg.jpg]
[laravel.pixelstrap.com/viho/assets/images/other-images/mobile-clock-wallpaper.jpg]
[laravel.pixelstrap.com/viho/assets/images/other-images/clock-face.png]
[laravel.pixelstrap.com/viho/assets/images/other-images/calender-bg.png]
[laravel.pixelstrap.com/viho/assets/images/dashboard-2/target1.png]
[laravel.pixelstrap.com/viho/assets/css/style.css]
[laravel.pixelstrap.com/viho/assets/css/color-1.css]
[laravel.pixelstrap.com/viho/assets/css/responsive.css]
[laravel.pixelstrap.com/viho/user-profile.html]
[laravel.pixelstrap.com/viho/dashboard/user-profile]
[laravel.pixelstrap.com/viho/assets/images/dashboard-2/1.png]
[laravel.pixelstrap.com/viho/assets/images/dashboard-2/8.png]
[laravel.pixelstrap.com/viho/assets/images/dashboard-2/3.png]
[laravel.pixelstrap.com/viho/assets/images/dashboard-2/4.png]
[laravel.pixelstrap.com/viho/assets/images/dashboard-2/5.png]
[laravel.pixelstrap.com/viho/assets/images/dashboard-2/6.png]
[laravel.pixelstrap.com/viho/assets/images/dashboard-2/7.png]
[laravel.pixelstrap.com/viho/assets/images/dashboard-2/9.png]
[laravel.pixelstrap.com/viho/assets/images/dashboard-2/11.png]
[laravel.pixelstrap.com/viho/assets/images/dashboard-2/10.png]
[laravel.pixelstrap.com/viho/assets/js/chart/chartjs/chart.min.js]
[laravel.pixelstrap.com/viho/assets/js/owlcarousel/owl.carousel.js]
[laravel.pixelstrap.com/viho/assets/js/owlcarousel/owl-custom.js]
[laravel.pixelstrap.com/viho/assets/js/dashboard/dashboard_2.js]
[laravel.pixelstrap.com/viho/dashboard/dashboard-02.html]
[laravel.pixelstrap.com/viho/widgets/user-profile]
[laravel.pixelstrap.com/viho/assets/images/dashboard/boy-2.png]
[laravel.pixelstrap.com/viho/assets/images/user-card/3.jpg]
[laravel.pixelstrap.com/viho/assets/images/avtar/3.jpg]
[laravel.pixelstrap.com/viho/widgets/social-app.html]
[laravel.pixelstrap.com/viho/assets/images/dashboard/chrome.png]
[laravel.pixelstrap.com/viho/assets/images/dashboard/firefox.png]
[laravel.pixelstrap.com/viho/assets/images/dashboard/safari.png]
[laravel.pixelstrap.com/viho/assets/images/user/5.jpg]
[laravel.pixelstrap.com/viho/assets/images/user/6.jpg]
[laravel.pixelstrap.com/viho/assets/images/user/7.jpg]
[laravel.pixelstrap.com/viho/assets/js/general-widget.js]
[laravel.pixelstrap.com/viho/assets/js/height-equal.js]
[laravel.pixelstrap.com/viho/assets/js/tooltip-init.js]
[laravel.pixelstrap.com/viho/widgets/general-widget.html]
[laravel.pixelstrap.com/viho/assets/js/chart/apex-chart/moment.min.js]
[laravel.pixelstrap.com/viho/assets/js/chart-widget.js]
[laravel.pixelstrap.com/viho/widgets/chart-widget.html]
[laravel.pixelstrap.com/viho/ui-kits/user-profile]
[laravel.pixelstrap.com/viho/ui-kits/state-color.html]
[laravel.pixelstrap.com/viho/ui-kits/typography.html]
[laravel.pixelstrap.com/viho/assets/images/user/16.png]
[laravel.pixelstrap.com/viho/assets/images/user/3.jpg]
[laravel.pixelstrap.com/viho/ui-kits/avatars.html]
[laravel.pixelstrap.com/viho/ui-kits/helper-classes.html]
[laravel.pixelstrap.com/viho/ui-kits/grid.html]
[laravel.pixelstrap.com/viho/ui-kits/tag-pills.html]
[laravel.pixelstrap.com/viho/ui-kits/progress-bar.html]
[laravel.pixelstrap.com/viho/ui-kits/modal.html]
[laravel.pixelstrap.com/viho/ui-kits/alert.html]
[laravel.pixelstrap.com/viho/assets/js/popover-custom.js]
[laravel.pixelstrap.com/viho/ui-kits/popover.html]
[laravel.pixelstrap.com/viho/ui-kits/tooltip.html]
[laravel.pixelstrap.com/viho/ui-kits/loader.html]
[laravel.pixelstrap.com/viho/ui-kits/dropdown.html]
[laravel.pixelstrap.com/viho/ui-kits/according.html]
[laravel.pixelstrap.com/viho/ui-kits/tab-bootstrap.html]
[laravel.pixelstrap.com/viho/ui-kits/tab-material.html]
[laravel.pixelstrap.com/viho/ui-kits/navs.html]
[laravel.pixelstrap.com/viho/ui-kits/box-shadow.html]
[laravel.pixelstrap.com/viho/ui-kits/list.html]
[laravel.pixelstrap.com/viho/bonus-ui/user-profile]
[laravel.pixelstrap.com/viho/assets/images/banner/2.jpg]
[laravel.pixelstrap.com/viho/assets/images/banner/3.jpg]
[laravel.pixelstrap.com/viho/assets/images/banner/1.jpg]
[laravel.pixelstrap.com/viho/assets/js/scrollable/perfect-scrollbar.min.js]
[laravel.pixelstrap.com/viho/assets/js/scrollable/scrollable-custom.js]
[laravel.pixelstrap.com/viho/bonus-ui/scrollable.html]
[laravel.pixelstrap.com/viho/assets/js/tree/jstree.min.js]
[laravel.pixelstrap.com/viho/assets/js/tree/tree.js]
[laravel.pixelstrap.com/viho/bonus-ui/tree.html]
[laravel.pixelstrap.com/viho/assets/js/notify/notify-script.js]
[laravel.pixelstrap.com/viho/bonus-ui/bootstrap-notify.html]
[laravel.pixelstrap.com/viho/assets/js/rating/jquery.barrating.js]
[laravel.pixelstrap.com/viho/assets/js/rating/rating-script.js]
[laravel.pixelstrap.com/viho/bonus-ui/rating.html]
[laravel.pixelstrap.com/viho/assets/js/dropzone/dropzone.js]
[laravel.pixelstrap.com/viho/assets/js/dropzone/dropzone-script.js]
[laravel.pixelstrap.com/viho/bonus-ui/dropzone.html]
[laravel.pixelstrap.com/viho/assets/images/other-images/profile-style-img3.png]
[laravel.pixelstrap.com/viho/assets/images/other-images/profile-style-img.png]
[laravel.pixelstrap.com/viho/assets/images/blog/img.png]
[laravel.pixelstrap.com/viho/assets/js/tour/intro.js]
[laravel.pixelstrap.com/viho/assets/js/tour/intro-init.js]
[laravel.pixelstrap.com/viho/bonus-ui/tour.html]
[laravel.pixelstrap.com/viho/assets/js/sweet-alert/sweetalert.min.js]
[laravel.pixelstrap.com/viho/assets/js/sweet-alert/app.js]
[laravel.pixelstrap.com/viho/bonus-ui/sweet-alert2.html]
[laravel.pixelstrap.com/viho/assets/js/modal-animated.js]
[laravel.pixelstrap.com/viho/bonus-ui/modal-animated.html]
[laravel.pixelstrap.com/viho/assets/images/slider/1.jpg]
[laravel.pixelstrap.com/viho/assets/images/slider/2.jpg]
[laravel.pixelstrap.com/viho/assets/images/slider/3.jpg]
[laravel.pixelstrap.com/viho/assets/images/slider/4.jpg]
[laravel.pixelstrap.com/viho/assets/images/slider/5.jpg]
[laravel.pixelstrap.com/viho/assets/images/slider/6.jpg]
[laravel.pixelstrap.com/viho/assets/images/slider/7.jpg]
[laravel.pixelstrap.com/viho/assets/images/slider/8.jpg]
[laravel.pixelstrap.com/viho/assets/images/slider/9.jpg]
[laravel.pixelstrap.com/viho/assets/images/slider/10.jpg]
[laravel.pixelstrap.com/viho/assets/images/slider/11.jpg]
[laravel.pixelstrap.com/viho/assets/images/slider-auto-width/14.jpg]
[laravel.pixelstrap.com/viho/assets/images/slider-auto-width/11.jpg]
[laravel.pixelstrap.com/viho/assets/images/slider-auto-width/12.jpg]
[laravel.pixelstrap.com/viho/assets/images/slider-auto-width/13.jpg]
[laravel.pixelstrap.com/viho/assets/images/slider-auto-width/15.jpg]
[laravel.pixelstrap.com/viho/bonus-ui/owl-carousel.html]
[laravel.pixelstrap.com/viho/bonus-ui/ribbons.html]
[laravel.pixelstrap.com/viho/bonus-ui/pagination.html]
[laravel.pixelstrap.com/viho/bonus-ui/steps.html]
[laravel.pixelstrap.com/viho/bonus-ui/breadcrumb.html]
[laravel.pixelstrap.com/viho/assets/js/range-slider/ion.rangeSlider.min.js]
[laravel.pixelstrap.com/viho/assets/js/range-slider/rangeslider-script.js]
[laravel.pixelstrap.com/viho/bonus-ui/range-slider.html]
[laravel.pixelstrap.com/viho/assets/images/other-images/img-cropper.jpg]
[laravel.pixelstrap.com/viho/assets/js/image-cropper/cropper.js]
[laravel.pixelstrap.com/viho/assets/js/image-cropper/cropper-main.js]
[laravel.pixelstrap.com/viho/bonus-ui/image-cropper.html]
[laravel.pixelstrap.com/viho/assets/js/jquery.ui.min.js]
[laravel.pixelstrap.com/viho/assets/js/sticky/sticky.js]
[laravel.pixelstrap.com/viho/bonus-ui/sticky.html]
[laravel.pixelstrap.com/viho/bonus-ui/basic-card.html]
[laravel.pixelstrap.com/viho/bonus-ui/creative-card.html]
[laravel.pixelstrap.com/viho/bonus-ui/tabbed-card.html]
[laravel.pixelstrap.com/viho/assets/js/dragable/sortable.js]
[laravel.pixelstrap.com/viho/assets/js/dragable/sortable-custom.js]
[laravel.pixelstrap.com/viho/bonus-ui/dragable-card.html]
[laravel.pixelstrap.com/viho/assets/audio/horse.ogg]
[laravel.pixelstrap.com/viho/assets/js/timeline/timeline-v-1/main.js]
[laravel.pixelstrap.com/viho/assets/js/modernizr.js]
[laravel.pixelstrap.com/viho/bonus-ui/timeline-v-1.html]
[laravel.pixelstrap.com/viho/assets/js/timeline/timeline-v-2/jquery.timeliny.min.js]
[laravel.pixelstrap.com/viho/assets/js/timeline/timeline-v-2/timeline-v-2-custom.js]
[laravel.pixelstrap.com/viho/bonus-ui/timeline-v-2.html]
[laravel.pixelstrap.com/viho/builders/user-profile]
[laravel.pixelstrap.com/viho/assets/js/form-builder/form-builder-1/require.js]
[laravel.pixelstrap.com/viho/assets/js/form-builder/form-builder-1/main-built.js]
[laravel.pixelstrap.com/viho/builders/form-builder-1.html]
[laravel.pixelstrap.com/viho/assets/js/form-builder/form-builder-2/beautifyhtml.js]
[laravel.pixelstrap.com/viho/assets/js/form-builder/form-builder-2/form-builder-2.js]
[laravel.pixelstrap.com/viho/builders/form-builder-2.html]
[laravel.pixelstrap.com/viho/assets/js/editor/ckeditor/ckeditor.js]
[laravel.pixelstrap.com/viho/assets/js/editor/ckeditor/adapters/jquery.js]
[laravel.pixelstrap.com/viho/assets/js/page-builder/jquery.grideditor.min.js]
[laravel.pixelstrap.com/viho/assets/js/page-builder/page-builder-custom.js]
[laravel.pixelstrap.com/viho/builders/pagebuild.html]
[laravel.pixelstrap.com/viho/assets/js/button-builder/colorpicker.js]
[laravel.pixelstrap.com/viho/assets/js/button-builder/clipboard.min.js]
[laravel.pixelstrap.com/viho/assets/js/button-builder/generator.js]
[laravel.pixelstrap.com/viho/assets/js/button-builder/extend-1.0.js]
[laravel.pixelstrap.com/viho/builders/button-builder.html]
[laravel.pixelstrap.com/viho/animation/user-profile]
[laravel.pixelstrap.com/viho/animation/animate.html]
[laravel.pixelstrap.com/viho/assets/js/animation/animate-custom.js]
[laravel.pixelstrap.com/viho/assets/images/big-lightgallry/01.jpg]
[laravel.pixelstrap.com/viho/assets/images/lightgallry/01.jpg]
[laravel.pixelstrap.com/viho/assets/images/big-lightgallry/02.jpg]
[laravel.pixelstrap.com/viho/assets/images/lightgallry/02.jpg]
[laravel.pixelstrap.com/viho/assets/images/big-lightgallry/03.jpg]
[laravel.pixelstrap.com/viho/assets/images/lightgallry/03.jpg]
[laravel.pixelstrap.com/viho/assets/images/big-lightgallry/04.jpg]
[laravel.pixelstrap.com/viho/assets/images/lightgallry/04.jpg]
[laravel.pixelstrap.com/viho/assets/images/big-lightgallry/05.jpg]
[laravel.pixelstrap.com/viho/assets/images/lightgallry/05.jpg]
[laravel.pixelstrap.com/viho/assets/images/big-lightgallry/06.jpg]
[laravel.pixelstrap.com/viho/assets/images/lightgallry/06.jpg]
[laravel.pixelstrap.com/viho/assets/images/big-lightgallry/07.jpg]
[laravel.pixelstrap.com/viho/assets/images/lightgallry/07.jpg]
[laravel.pixelstrap.com/viho/assets/images/big-lightgallry/08.jpg]
[laravel.pixelstrap.com/viho/assets/images/lightgallry/08.jpg]
[laravel.pixelstrap.com/viho/assets/images/big-lightgallry/09.jpg]
[laravel.pixelstrap.com/viho/assets/images/lightgallry/09.jpg]
[laravel.pixelstrap.com/viho/assets/images/big-lightgallry/010.jpg]
[laravel.pixelstrap.com/viho/assets/images/lightgallry/010.jpg]
[laravel.pixelstrap.com/viho/assets/images/big-lightgallry/011.jpg]
[laravel.pixelstrap.com/viho/assets/images/lightgallry/011.jpg]
[laravel.pixelstrap.com/viho/assets/images/big-lightgallry/012.jpg]
[laravel.pixelstrap.com/viho/assets/images/lightgallry/012.jpg]
[laravel.pixelstrap.com/viho/assets/images/big-lightgallry/013.jpg]
[laravel.pixelstrap.com/viho/assets/images/lightgallry/013.jpg]
[laravel.pixelstrap.com/viho/assets/images/big-lightgallry/014.jpg]
[laravel.pixelstrap.com/viho/assets/images/lightgallry/014.jpg]
[laravel.pixelstrap.com/viho/assets/images/big-lightgallry/015.jpg]
[laravel.pixelstrap.com/viho/assets/images/lightgallry/015.jpg]
[laravel.pixelstrap.com/viho/assets/images/big-lightgallry/016.jpg]
[laravel.pixelstrap.com/viho/assets/images/lightgallry/016.jpg]
[laravel.pixelstrap.com/viho/assets/js/photoswipe/photoswipe.min.js]
[laravel.pixelstrap.com/viho/assets/js/photoswipe/photoswipe-ui-default.min.js]
[laravel.pixelstrap.com/viho/assets/js/photoswipe/photoswipe.js]
[laravel.pixelstrap.com/viho/assets/js/animation/scroll-reveal/scrollreveal.min.js]
[laravel.pixelstrap.com/viho/assets/js/animation/scroll-reveal/reveal-custom.js]
[laravel.pixelstrap.com/viho/animation/scroll-reval.html]
[laravel.pixelstrap.com/viho/assets/images/big-masonry/1.jpg]
[laravel.pixelstrap.com/viho/assets/images/masonry/1.jpg]
[laravel.pixelstrap.com/viho/assets/images/big-masonry/2.jpg]
[laravel.pixelstrap.com/viho/assets/images/masonry/2.jpg]
[laravel.pixelstrap.com/viho/assets/images/big-masonry/3.jpg]
[laravel.pixelstrap.com/viho/assets/images/masonry/3.jpg]
[laravel.pixelstrap.com/viho/assets/images/big-masonry/4.jpg]
[laravel.pixelstrap.com/viho/assets/images/masonry/4.jpg]
[laravel.pixelstrap.com/viho/assets/images/big-masonry/5.jpg]
[laravel.pixelstrap.com/viho/assets/images/masonry/5.jpg]
[laravel.pixelstrap.com/viho/assets/images/big-masonry/6.jpg]
[laravel.pixelstrap.com/viho/assets/images/masonry/6.jpg]
[laravel.pixelstrap.com/viho/assets/images/big-masonry/7.jpg]
[laravel.pixelstrap.com/viho/assets/images/masonry/7.jpg]
[laravel.pixelstrap.com/viho/assets/images/big-masonry/8.jpg]
[laravel.pixelstrap.com/viho/assets/images/masonry/8.jpg]
[laravel.pixelstrap.com/viho/assets/images/big-masonry/9.jpg]
[laravel.pixelstrap.com/viho/assets/images/masonry/9.jpg]
[laravel.pixelstrap.com/viho/assets/images/big-masonry/10.jpg]
[laravel.pixelstrap.com/viho/assets/images/masonry/10.jpg]
[laravel.pixelstrap.com/viho/assets/images/big-masonry/11.jpg]
[laravel.pixelstrap.com/viho/assets/images/masonry/11.jpg]
[laravel.pixelstrap.com/viho/assets/images/big-masonry/12.jpg]
[laravel.pixelstrap.com/viho/assets/images/masonry/12.jpg]
[laravel.pixelstrap.com/viho/assets/images/big-masonry/14.jpg]
[laravel.pixelstrap.com/viho/assets/images/masonry/14.jpg]
[laravel.pixelstrap.com/viho/assets/images/big-masonry/15.jpg]
[laravel.pixelstrap.com/viho/assets/images/masonry/15.jpg]
[laravel.pixelstrap.com/viho/assets/images/big-masonry/13.jpg]
[laravel.pixelstrap.com/viho/assets/images/masonry/13.jpg]
[laravel.pixelstrap.com/viho/assets/js/isotope.pkgd.js]
[laravel.pixelstrap.com/viho/assets/js/animation/aos/aos.js]
[laravel.pixelstrap.com/viho/assets/js/animation/aos/aos-init.js]
[laravel.pixelstrap.com/viho/animation/aos.html]
[laravel.pixelstrap.com/viho/assets/js/animation/tilt/tilt.jquery.js]
[laravel.pixelstrap.com/viho/assets/js/animation/tilt/tilt-custom.js]
[laravel.pixelstrap.com/viho/animation/tilt.html]
[laravel.pixelstrap.com/viho/assets/js/animation/wow/wow.min.js]
[laravel.pixelstrap.com/viho/animation/wow.html]
[laravel.pixelstrap.com/viho/assets/js/animation/wow/wow-init.js]
[laravel.pixelstrap.com/viho/icons/user-profile]
[laravel.pixelstrap.com/viho/assets/js/icons/icons-notify.js]
[laravel.pixelstrap.com/viho/assets/js/icons/flag-icon-clipart.js]
[laravel.pixelstrap.com/viho/icons/flag-icon.html]
[laravel.pixelstrap.com/viho/assets/js/icons/icon-clipart.js]
[laravel.pixelstrap.com/viho/icons/font-awesome.html]
[laravel.pixelstrap.com/viho/icons/ico-icon.html]
[laravel.pixelstrap.com/viho/icons/themify-icon.html]
[laravel.pixelstrap.com/viho/assets/js/icons/feather-icon/feather-icon-clipart.js]
[laravel.pixelstrap.com/viho/icons/feather-icon.html]
[laravel.pixelstrap.com/viho/assets/js/icons/whether-icon-clipart.js]
[laravel.pixelstrap.com/viho/icons/whether-icon.html]
[laravel.pixelstrap.com/viho/buttons/user-profile]
[laravel.pixelstrap.com/viho/buttons/buttons.html]
[laravel.pixelstrap.com/viho/buttons/buttons-flat.html]
[laravel.pixelstrap.com/viho/buttons/buttons-edge.html]
[laravel.pixelstrap.com/viho/buttons/raised-button.html]
[laravel.pixelstrap.com/viho/buttons/button-group.html]
[laravel.pixelstrap.com/viho/charts/user-profile]
[laravel.pixelstrap.com/viho/assets/js/chart/apex-chart/chart-custom.js]
[laravel.pixelstrap.com/viho/charts/chart-apex.html]
[laravel.pixelstrap.com/viho/assets/js/chart/google/google-chart-loader.js]
[laravel.pixelstrap.com/viho/assets/js/chart/google/google-chart.js]
[laravel.pixelstrap.com/viho/charts/chart-google.html]
[laravel.pixelstrap.com/viho/assets/js/chart/sparkline/sparkline.js]
[laravel.pixelstrap.com/viho/assets/js/chart/sparkline/sparkline-script.js]
[laravel.pixelstrap.com/viho/charts/chart-sparkline.html]
[laravel.pixelstrap.com/viho/assets/js/chart/flot-chart/excanvas.js]
[laravel.pixelstrap.com/viho/assets/js/chart/flot-chart/jquery.flot.js]
[laravel.pixelstrap.com/viho/assets/js/chart/flot-chart/jquery.flot.time.js]
[laravel.pixelstrap.com/viho/assets/js/chart/flot-chart/jquery.flot.categories.js]
[laravel.pixelstrap.com/viho/assets/js/chart/flot-chart/jquery.flot.stack.js]
[laravel.pixelstrap.com/viho/assets/js/chart/flot-chart/jquery.flot.pie.js]
[laravel.pixelstrap.com/viho/assets/js/chart/flot-chart/jquery.flot.symbol.js]
[laravel.pixelstrap.com/viho/assets/js/chart/flot-chart/flot-script.js]
[laravel.pixelstrap.com/viho/charts/chart-flot.html]
[laravel.pixelstrap.com/viho/charts/chart-knob.html]
[laravel.pixelstrap.com/viho/assets/js/chart/morris-chart/raphael.js]
[laravel.pixelstrap.com/viho/assets/js/chart/morris-chart/morris.js]
[laravel.pixelstrap.com/viho/assets/js/chart/morris-chart/prettify.min.js]
[laravel.pixelstrap.com/viho/assets/js/chart/morris-chart/morris.min.js]
[laravel.pixelstrap.com/viho/assets/js/chart/morris-chart/morris-script.js]
[laravel.pixelstrap.com/viho/charts/chart-morris.html]
[laravel.pixelstrap.com/viho/assets/js/chart/chartjs/chart.custom.js]
[laravel.pixelstrap.com/viho/charts/chartjs.html]
[laravel.pixelstrap.com/viho/assets/js/chart/chartist/chartist-custom.js]
[laravel.pixelstrap.com/viho/charts/chartist.html]
[laravel.pixelstrap.com/viho/assets/js/chart/peity-chart/peity.jquery.js]
[laravel.pixelstrap.com/viho/assets/js/chart/peity-chart/peity-custom.js]
[laravel.pixelstrap.com/viho/charts/chart-peity.html]
[laravel.pixelstrap.com/viho/form-controls/user-profile]
[laravel.pixelstrap.com/viho/assets/js/form-validation-custom.js]
[laravel.pixelstrap.com/viho/form-controls/form-validation.html]
[laravel.pixelstrap.com/viho/form-controls/base-input.html]
[laravel.pixelstrap.com/viho/form-controls/radio-checkbox-control.html]
[laravel.pixelstrap.com/viho/form-controls/input-group.html]
[laravel.pixelstrap.com/viho/form-controls/megaoptions.html]
[laravel.pixelstrap.com/viho/form-widgets/user-profile]
[laravel.pixelstrap.com/viho/form-widgets/datepicker.html]
[laravel.pixelstrap.com/viho/assets/js/time-picker/jquery-clockpicker.min.js]
[laravel.pixelstrap.com/viho/assets/js/time-picker/highlight.min.js]
[laravel.pixelstrap.com/viho/assets/js/time-picker/clockpicker.js]
[laravel.pixelstrap.com/viho/form-widgets/time-picker.html]
[laravel.pixelstrap.com/viho/assets/js/datepicker/date-time-picker/moment.min.js]
[laravel.pixelstrap.com/viho/assets/js/datepicker/date-time-picker/tempusdominus-bootstrap-4.min.js]
[laravel.pixelstrap.com/viho/assets/js/datepicker/date-time-picker/datetimepicker.custom.js]
[laravel.pixelstrap.com/viho/form-widgets/datetimepicker.html]
[laravel.pixelstrap.com/viho/assets/js/datepicker/daterange-picker/moment.min.js]
[laravel.pixelstrap.com/viho/assets/js/datepicker/daterange-picker/daterangepicker.js]
[laravel.pixelstrap.com/viho/assets/js/datepicker/daterange-picker/daterange-picker.custom.js]
[laravel.pixelstrap.com/viho/form-widgets/daterangepicker.html]
[laravel.pixelstrap.com/viho/assets/js/touchspin/vendors.min.js]
[laravel.pixelstrap.com/viho/assets/js/touchspin/touchspin.js]
[laravel.pixelstrap.com/viho/assets/js/touchspin/input-groups.min.js]
[laravel.pixelstrap.com/viho/form-widgets/touchspin.html]
[laravel.pixelstrap.com/viho/assets/js/select2/select2.full.min.js]
[laravel.pixelstrap.com/viho/assets/js/select2/select2-custom.js]
[laravel.pixelstrap.com/viho/form-widgets/select2.html]
[laravel.pixelstrap.com/viho/form-widgets/switch.html]
[laravel.pixelstrap.com/viho/assets/js/typeahead/handlebars.js]
[laravel.pixelstrap.com/viho/assets/js/typeahead/typeahead.bundle.js]
[laravel.pixelstrap.com/viho/assets/js/typeahead/typeahead.custom.js]
[laravel.pixelstrap.com/viho/form-widgets/typeahead.html]
[laravel.pixelstrap.com/viho/assets/js/clipboard/clipboard-script.js]
[laravel.pixelstrap.com/viho/form-widgets/clipboard.html]
[laravel.pixelstrap.com/viho/form-layout/user-profile]
[laravel.pixelstrap.com/viho/form-layout/default-form.html]
[laravel.pixelstrap.com/viho/assets/js/form-wizard/form-wizard.js]
[laravel.pixelstrap.com/viho/form-layout/form-wizard.html]
[laravel.pixelstrap.com/viho/assets/js/form-wizard/form-wizard-two.js]
[laravel.pixelstrap.com/viho/form-layout/form-wizard-two.html]
[laravel.pixelstrap.com/viho/assets/js/form-wizard/form-wizard-three.js]
[laravel.pixelstrap.com/viho/assets/js/form-wizard/jquery.backstretch.min.js]
[laravel.pixelstrap.com/viho/form-layout/form-wizard-three.html]
[laravel.pixelstrap.com/viho/bootstrap-tables/user-profile]
[laravel.pixelstrap.com/viho/bootstrap-tables/bootstrap-basic-table.html]
[laravel.pixelstrap.com/viho/bootstrap-tables/bootstrap-sizing-table.html]
[laravel.pixelstrap.com/viho/bootstrap-tables/bootstrap-border-table.html]
[laravel.pixelstrap.com/viho/bootstrap-tables/bootstrap-styling-table.html]
[laravel.pixelstrap.com/viho/bootstrap-tables/table-components.html]
[laravel.pixelstrap.com/viho/data-tables/user-profile.326.delayed]
[laravel.pixelstrap.com/viho/assets/js/datatable/datatables/jquery.dataTables.min.js]
[laravel.pixelstrap.com/viho/assets/js/datatable/datatables/datatable.custom.js]
[laravel.pixelstrap.com/viho/data-tables/datatable-basic-init.html]
[laravel.pixelstrap.com/viho/data-tables/datatable-advance.html]
[laravel.pixelstrap.com/viho/data-tables/datatable-styling.html]
[laravel.pixelstrap.com/viho/data-tables/datatable-AJAX.html]
[laravel.pixelstrap.com/viho/data-tables/datatable-server-side.html]
[laravel.pixelstrap.com/viho/data-tables/datatable-plugin.html]
[laravel.pixelstrap.com/viho/data-tables/datatable-API.html]
[laravel.pixelstrap.com/viho/data-tables/datatable-data-source.html]
[laravel.pixelstrap.com/viho/ex-data-tables/user-profile]
[laravel.pixelstrap.com/viho/assets/js/datatable/datatable-extension/dataTables.buttons.min.js]
[laravel.pixelstrap.com/viho/assets/js/datatable/datatable-extension/jszip.min.js]
[laravel.pixelstrap.com/viho/assets/js/datatable/datatable-extension/buttons.colVis.min.js]
[laravel.pixelstrap.com/viho/assets/js/datatable/datatable-extension/pdfmake.min.js]
[laravel.pixelstrap.com/viho/assets/js/datatable/datatable-extension/vfs_fonts.js]
[laravel.pixelstrap.com/viho/assets/js/datatable/datatable-extension/dataTables.autoFill.min.js]
[laravel.pixelstrap.com/viho/assets/js/datatable/datatable-extension/dataTables.select.min.js]
[laravel.pixelstrap.com/viho/assets/js/datatable/datatable-extension/buttons.bootstrap4.min.js]
[laravel.pixelstrap.com/viho/assets/js/datatable/datatable-extension/buttons.html5.min.js]
[laravel.pixelstrap.com/viho/assets/js/datatable/datatable-extension/buttons.print.min.js]
[laravel.pixelstrap.com/viho/assets/js/datatable/datatable-extension/dataTables.bootstrap4.min.js]
[laravel.pixelstrap.com/viho/assets/js/datatable/datatable-extension/dataTables.responsive.min.js]
[laravel.pixelstrap.com/viho/assets/js/datatable/datatable-extension/responsive.bootstrap4.min.js]
[laravel.pixelstrap.com/viho/assets/js/datatable/datatable-extension/dataTables.keyTable.min.js]
[laravel.pixelstrap.com/viho/assets/js/datatable/datatable-extension/dataTables.colReorder.min.js]
[laravel.pixelstrap.com/viho/assets/js/datatable/datatable-extension/dataTables.fixedHeader.min.js]
[laravel.pixelstrap.com/viho/assets/js/datatable/datatable-extension/dataTables.rowReorder.min.js]
[laravel.pixelstrap.com/viho/assets/js/datatable/datatable-extension/dataTables.scroller.min.js]
[laravel.pixelstrap.com/viho/assets/js/datatable/datatable-extension/custom.js]
[laravel.pixelstrap.com/viho/ex-data-tables/datatable-ext-autofill.html]
[laravel.pixelstrap.com/viho/ex-data-tables/datatable-ext-basic-button.html]
[laravel.pixelstrap.com/viho/ex-data-tables/datatable-ext-col-reorder.html]
[laravel.pixelstrap.com/viho/ex-data-tables/datatable-ext-fixed-header.html]
[laravel.pixelstrap.com/viho/ex-data-tables/datatable-ext-key-table.html]
[laravel.pixelstrap.com/viho/ex-data-tables/datatable-ext-responsive.html]
[laravel.pixelstrap.com/viho/ex-data-tables/datatable-ext-row-reorder.html]
[laravel.pixelstrap.com/viho/ex-data-tables/datatable-ext-scroller.html]
[laravel.pixelstrap.com/viho/assets/js/jsgrid/jsgrid.min.js]
[laravel.pixelstrap.com/viho/assets/js/jsgrid/griddata.js]
[laravel.pixelstrap.com/viho/assets/js/jsgrid/jsgrid.js]
[laravel.pixelstrap.com/viho/jsgrid-table.html]
[laravel.pixelstrap.com/viho/project/user-profile]
[laravel.pixelstrap.com/viho/project/projects.html]
[laravel.pixelstrap.com/viho/project/projectcreate.html]
[laravel.pixelstrap.com/viho/assets/images/dashboard/folder.png]
[laravel.pixelstrap.com/viho/assets/images/dashboard/folder1.png]
[laravel.pixelstrap.com/viho/file-manager.html]
[laravel.pixelstrap.com/viho/assets/js/jkanban/jkanban.js]
[laravel.pixelstrap.com/viho/assets/js/jkanban/custom.js]
[laravel.pixelstrap.com/viho/kanban.html]
[laravel.pixelstrap.com/viho/ecommerce/user-profile.348.delayed]
[laravel.pixelstrap.com/viho/assets/images/ecommerce/01.jpg]
[laravel.pixelstrap.com/viho/assets/images/ecommerce/02.jpg]
[laravel.pixelstrap.com/viho/assets/images/ecommerce/03.jpg]
[laravel.pixelstrap.com/viho/assets/images/ecommerce/banner.jpg]
[laravel.pixelstrap.com/viho/assets/images/ecommerce/04.jpg]
[laravel.pixelstrap.com/viho/assets/js/product-tab.js]
[laravel.pixelstrap.com/viho/ecommerce/product.html]
[laravel.pixelstrap.com/viho/assets/images/ecommerce/05.jpg]
[laravel.pixelstrap.com/viho/assets/images/ecommerce/06.jpg]
[laravel.pixelstrap.com/viho/assets/images/ecommerce/07.jpg]
[laravel.pixelstrap.com/viho/assets/images/ecommerce/08.jpg]
[laravel.pixelstrap.com/viho/assets/js/slick-slider/slick.min.js]
[laravel.pixelstrap.com/viho/assets/js/slick-slider/slick-theme.js]
[laravel.pixelstrap.com/viho/ecommerce/product-page.html]
[laravel.pixelstrap.com/viho/assets/images/ecommerce/product-table-1.png]
[laravel.pixelstrap.com/viho/assets/images/ecommerce/product-table-2.png]
[laravel.pixelstrap.com/viho/assets/images/ecommerce/product-table-3.png]
[laravel.pixelstrap.com/viho/assets/images/ecommerce/product-table-4.png]
[laravel.pixelstrap.com/viho/assets/images/ecommerce/product-table-5.png]
[laravel.pixelstrap.com/viho/assets/images/ecommerce/product-table-6.png]
[laravel.pixelstrap.com/viho/assets/js/ecommerce.js]
[laravel.pixelstrap.com/viho/assets/js/product-list-custom.js]
[laravel.pixelstrap.com/viho/ecommerce/list-products.html]
[laravel.pixelstrap.com/viho/assets/images/ecommerce/card.png]
[laravel.pixelstrap.com/viho/assets/images/ecommerce/mastercard.png]
[laravel.pixelstrap.com/viho/assets/images/ecommerce/visa.png]
[laravel.pixelstrap.com/viho/assets/images/ecommerce/paypal.png]
[laravel.pixelstrap.com/viho/ecommerce/payment-details.html]
[laravel.pixelstrap.com/viho/assets/images/product/1.png]
[laravel.pixelstrap.com/viho/assets/images/product/13.png]
[laravel.pixelstrap.com/viho/assets/images/product/4.png]
[laravel.pixelstrap.com/viho/assets/images/product/10.png]
[laravel.pixelstrap.com/viho/assets/images/product/12.png]
[laravel.pixelstrap.com/viho/assets/images/product/3.png]
[laravel.pixelstrap.com/viho/assets/images/product/2.png]
[laravel.pixelstrap.com/viho/assets/images/product/15.png]
[laravel.pixelstrap.com/viho/assets/images/product/14.png]
[laravel.pixelstrap.com/viho/ecommerce/order-history.html]
[laravel.pixelstrap.com/viho/assets/images/product/11.png]
[laravel.pixelstrap.com/viho/assets/images/logo/logo-1.png]
[laravel.pixelstrap.com/viho/assets/images/other-images/paypal.png]
[laravel.pixelstrap.com/viho/ecommerce/invoice-template.html]
[laravel.pixelstrap.com/viho/assets/js/print.js]
[laravel.pixelstrap.com/viho/ecommerce/cart.html]
[laravel.pixelstrap.com/viho/ecommerce/list-wish.html]
[laravel.pixelstrap.com/viho/assets/images/checkout/paypal.png]
[laravel.pixelstrap.com/viho/ecommerce/checkout.html]
[laravel.pixelstrap.com/viho/ecommerce/pricing.html]
[laravel.pixelstrap.com/viho/email/user-profile]
[laravel.pixelstrap.com/viho/assets/images/user/user.png]
[laravel.pixelstrap.com/viho/email/email_inbox.html]
[laravel.pixelstrap.com/viho/assets/images/email/1.jpg]
[laravel.pixelstrap.com/viho/assets/images/email/2.jpg]
[laravel.pixelstrap.com/viho/assets/images/email/3.jpg]
[laravel.pixelstrap.com/viho/assets/js/email-app.js]
[laravel.pixelstrap.com/viho/email/email_read.html]
[laravel.pixelstrap.com/viho/email/email_compose.html]
[laravel.pixelstrap.com/viho/chat/user-profile]
[laravel.pixelstrap.com/viho/assets/images/user/12.png]
[laravel.pixelstrap.com/viho/assets/images/user/2.png]
[laravel.pixelstrap.com/viho/assets/images/user/8.jpg]
[laravel.pixelstrap.com/viho/assets/images/user/3.png]
[laravel.pixelstrap.com/viho/assets/images/smiley.png]
[laravel.pixelstrap.com/viho/assets/js/fullscreen.js]
[laravel.pixelstrap.com/viho/chat/chat.html]
[laravel.pixelstrap.com/viho/assets/images/other-images/receiver-img.jpg]
[laravel.pixelstrap.com/viho/chat/chat-video.html]
[laravel.pixelstrap.com/viho/assets/images/other-images/caller.jpg]
[laravel.pixelstrap.com/viho/assets/images/user-profile/bg-profile.jpg]
[laravel.pixelstrap.com/viho/assets/images/user/10.jpg]
[laravel.pixelstrap.com/viho/assets/images/user/11.png]
[laravel.pixelstrap.com/viho/assets/images/social-app/post-1.png]
[laravel.pixelstrap.com/viho/assets/images/social-app/post-2.png]
[laravel.pixelstrap.com/viho/assets/images/social-app/post-3.png]
[laravel.pixelstrap.com/viho/assets/images/social-app/post-4.png]
[laravel.pixelstrap.com/viho/assets/images/social-app/post-5.png]
[laravel.pixelstrap.com/viho/assets/images/social-app/post-6.png]
[laravel.pixelstrap.com/viho/assets/images/social-app/post-7.png]
[laravel.pixelstrap.com/viho/assets/images/social-app/post-8.png]
[laravel.pixelstrap.com/viho/assets/images/user/14.png]
[laravel.pixelstrap.com/viho/assets/images/user-profile/post1.jpg]
[laravel.pixelstrap.com/viho/assets/images/user-profile/post2.jpg]
[laravel.pixelstrap.com/viho/assets/images/user-profile/post3.jpg]
[laravel.pixelstrap.com/viho/assets/images/user-profile/post4.jpg]
[laravel.pixelstrap.com/viho/users/user-profile.html]
[laravel.pixelstrap.com/viho/users/edit-profile.html]
[laravel.pixelstrap.com/viho/assets/images/user-card/1.jpg]
[laravel.pixelstrap.com/viho/assets/images/user-card/2.jpg]
[laravel.pixelstrap.com/viho/assets/images/avtar/16.jpg]
[laravel.pixelstrap.com/viho/assets/images/avtar/11.jpg]
[laravel.pixelstrap.com/viho/assets/images/user-card/7.jpg]
[laravel.pixelstrap.com/viho/assets/images/user-card/5.jpg]
[laravel.pixelstrap.com/viho/assets/images/user-card/6.jpg]
[laravel.pixelstrap.com/viho/users/user-cards.html]
[laravel.pixelstrap.com/viho/assets/js/bookmark/jquery.validate.min.js]
[laravel.pixelstrap.com/viho/bookmark.html]
[laravel.pixelstrap.com/viho/assets/js/bookmark/custom.js]
[laravel.pixelstrap.com/viho/assets/js/contacts/custom.js]
[laravel.pixelstrap.com/viho/contacts.html]
[laravel.pixelstrap.com/viho/task.html]
[laravel.pixelstrap.com/viho/assets/js/calendar/tui-code-snippet.min.js]
[laravel.pixelstrap.com/viho/assets/js/calendar/tui-time-picker.min.js]
[laravel.pixelstrap.com/viho/assets/js/calendar/tui-date-picker.min.js]
[laravel.pixelstrap.com/viho/assets/js/calendar/moment.min.js]
[laravel.pixelstrap.com/viho/assets/js/calendar/chance.min.js]
[laravel.pixelstrap.com/viho/assets/js/calendar/tui-calendar.js]
[laravel.pixelstrap.com/viho/assets/js/calendar/calendars.js]
[laravel.pixelstrap.com/viho/assets/js/calendar/schedules.js]
[laravel.pixelstrap.com/viho/assets/js/calendar/app.js]
[laravel.pixelstrap.com/viho/calendar-basic.html]
[laravel.pixelstrap.com/viho/assets/images/social-app/timeline-3.png]
[laravel.pixelstrap.com/viho/assets/images/social-app/timeline-1.png]
[laravel.pixelstrap.com/viho/assets/images/social-app/timeline-2.png]
[laravel.pixelstrap.com/viho/assets/images/social-app/timeline-4.png]
[laravel.pixelstrap.com/viho/social-app.html]
[laravel.pixelstrap.com/viho/assets/js/todo/todo.js]
[laravel.pixelstrap.com/viho/to-do.html]
[laravel.pixelstrap.com/viho/assets/images/blog/blog.jpg]
[laravel.pixelstrap.com/viho/search.html]
[laravel.pixelstrap.com/viho/sample-page.html]
[laravel.pixelstrap.com/viho/assets/js/internationalization/language-picker.js]
[laravel.pixelstrap.com/viho/internationalization.html]
[laravel.pixelstrap.com/viho/error-page1.html]
[laravel.pixelstrap.com/viho/error-page2.html]
[laravel.pixelstrap.com/viho/error-page3.html]
[laravel.pixelstrap.com/viho/error-page4.html]
[laravel.pixelstrap.com/viho/login.html]
[laravel.pixelstrap.com/viho/assets/images/login/2.jpg]
[laravel.pixelstrap.com/viho/login_one.html]
[laravel.pixelstrap.com/viho/assets/images/login/3.jpg]
[laravel.pixelstrap.com/viho/login_two.html]
[laravel.pixelstrap.com/viho/assets/images/login/1.jpg]
[laravel.pixelstrap.com/viho/login-bs-validation.html]
[laravel.pixelstrap.com/viho/login-bs-tt-validation.html]
[laravel.pixelstrap.com/viho/sign-up.html]
[laravel.pixelstrap.com/viho/sign-up-one.html]
[laravel.pixelstrap.com/viho/sign-up-two.html]
[laravel.pixelstrap.com/viho/unlock.html]
[laravel.pixelstrap.com/viho/forget-password.html]
[laravel.pixelstrap.com/viho/creat-password.html]
[laravel.pixelstrap.com/viho/maintenance.html]
[laravel.pixelstrap.com/viho/assets/js/countdown.js]
[laravel.pixelstrap.com/viho/comingsoon.html]
[laravel.pixelstrap.com/viho/login-sa-validation.html]
[laravel.pixelstrap.com/viho/assets/video/auth-bg.mp4]
[laravel.pixelstrap.com/viho/comingsoon-bg-video.html]
[laravel.pixelstrap.com/viho/comingsoon-bg-img.html]
[laravel.pixelstrap.com/viho/basic-template.html]
[laravel.pixelstrap.com/viho/index.html]
[laravel.pixelstrap.com/viho/email-header.html]
[laravel.pixelstrap.com/viho/assets/images/email-template/1.jpg]
[laravel.pixelstrap.com/viho/assets/images/email-template/2.png]
[laravel.pixelstrap.com/viho/assets/images/email-template/7.png]
[laravel.pixelstrap.com/viho/assets/images/email-template/8.png]
[laravel.pixelstrap.com/viho/assets/images/email-template/3.png]
[laravel.pixelstrap.com/viho/assets/images/email-template/cosmetic.jpg]
[laravel.pixelstrap.com/viho/assets/images/email-template/6.png]
[laravel.pixelstrap.com/viho/assets/images/email-template/5.png]
[laravel.pixelstrap.com/viho/template-email.html]
[laravel.pixelstrap.com/viho/assets/images/email-template/slider.jpg]
[laravel.pixelstrap.com/viho/assets/images/email-template/7.jpg]
[laravel.pixelstrap.com/viho/assets/images/email-template/8.jpg]
[laravel.pixelstrap.com/viho/assets/images/email-template/banner.jpg]
[laravel.pixelstrap.com/viho/assets/images/email-template/banner-2.jpg]
[laravel.pixelstrap.com/viho/assets/images/email-template/10.jpg]
[laravel.pixelstrap.com/viho/assets/images/email-template/11.jpg]
[laravel.pixelstrap.com/viho/assets/images/email-template/12.jpg]
[laravel.pixelstrap.com/viho/template-email-2.html]
[laravel.pixelstrap.com/viho/assets/images/email-template/space.jpg]
[laravel.pixelstrap.com/viho/assets/images/email-template/4.png]
[laravel.pixelstrap.com/viho/assets/images/email-template/1.png]
[laravel.pixelstrap.com/viho/ecommerce-templates.html]
[laravel.pixelstrap.com/viho/assets/images/email-template/delivery.png]
[laravel.pixelstrap.com/viho/email-order-success.html]
[laravel.pixelstrap.com/viho/gallery.html]
[laravel.pixelstrap.com/viho/gallery/user-profile]
[laravel.pixelstrap.com/viho/gallery/gallery-with-description.html]
[laravel.pixelstrap.com/viho/assets/js/masonry-gallery.js]
[laravel.pixelstrap.com/viho/gallery/gallery-masonry.html]
[laravel.pixelstrap.com/viho/gallery/masonry-gallery-with-disc.html]
[laravel.pixelstrap.com/viho/gallery/gallery-hover.html]
[laravel.pixelstrap.com/viho/blog-single.html]
[laravel.pixelstrap.com/viho/assets/images/blog/blog-2.jpg]
[laravel.pixelstrap.com/viho/learning-detailed.html]
[laravel.pixelstrap.com/viho/assets/images/blog/blog-3.jpg]
[laravel.pixelstrap.com/viho/assets/images/blog/blog-5.jpg]
[laravel.pixelstrap.com/viho/assets/images/blog/blog-6.jpg]
[laravel.pixelstrap.com/viho/blog.html]
[laravel.pixelstrap.com/viho/blog/user-profile]
[laravel.pixelstrap.com/viho/assets/images/blog/blog-single.jpg]
[laravel.pixelstrap.com/viho/assets/images/blog/comment.jpg]
[laravel.pixelstrap.com/viho/blog/user-profile-2.html]
[laravel.pixelstrap.com/viho/assets/images/blog/9.jpg]
[laravel.pixelstrap.com/viho/assets/images/blog/4.jpg]
[laravel.pixelstrap.com/viho/assets/images/blog/12.png]
[laravel.pixelstrap.com/viho/blog/blog-single.html]
[laravel.pixelstrap.com/viho/assets/images/blog/14.png]
[laravel.pixelstrap.com/viho/blog/add-post.html]
[laravel.pixelstrap.com/viho/assets/images/faq/1.jpg]
[laravel.pixelstrap.com/viho/assets/images/faq/2.jpg]
[laravel.pixelstrap.com/viho/assets/images/faq/3.jpg]
[laravel.pixelstrap.com/viho/assets/images/faq/4.jpg]
[laravel.pixelstrap.com/viho/faq.html]
[laravel.pixelstrap.com/viho/job-search/user-profile]
[laravel.pixelstrap.com/viho/assets/images/job-search/1.jpg]
[laravel.pixelstrap.com/viho/assets/images/job-search/2.jpg]
[laravel.pixelstrap.com/viho/assets/images/job-search/3.jpg]
[laravel.pixelstrap.com/viho/assets/images/job-search/4.jpg]
[laravel.pixelstrap.com/viho/assets/images/job-search/5.jpg]
[laravel.pixelstrap.com/viho/assets/images/job-search/6.jpg]
[laravel.pixelstrap.com/viho/job-search/job-cards-view.html]
[laravel.pixelstrap.com/viho/job-search/job-list-view.html]
[laravel.pixelstrap.com/viho/job-search/job-details.html]
[laravel.pixelstrap.com/viho/job-search/job-apply.html]
[laravel.pixelstrap.com/viho/learning/user-profile]
[laravel.pixelstrap.com/viho/learning/learning-detailed-2.html]
[laravel.pixelstrap.com/viho/learning/learning-list-view.html]
[laravel.pixelstrap.com/viho/assets/images/faq/learning-1.jpg]
[laravel.pixelstrap.com/viho/learning/user-profile.3e5.delayed]
[laravel.pixelstrap.com/viho/learning/learning-detailed.html]
[laravel.pixelstrap.com/viho/maps/user-profile]
[laravel.pixelstrap.com/viho/assets/js/map-js/mapsjs-core.js]
[laravel.pixelstrap.com/viho/assets/js/map-js/mapsjs-service.js]
[laravel.pixelstrap.com/viho/assets/js/map-js/mapsjs-ui.js]
[laravel.pixelstrap.com/viho/assets/js/map-js/mapsjs-mapevents.js]
[laravel.pixelstrap.com/viho/assets/js/map-js/custom.js]
[laravel.pixelstrap.com/viho/maps/map-js.html]
[laravel.pixelstrap.com/viho/assets/js/vector-map/map-vector.js]
[laravel.pixelstrap.com/viho/maps/vector-map.html]
[laravel.pixelstrap.com/viho/editors/user-profile]
[laravel.pixelstrap.com/viho/assets/js/editor/summernote/summernote.js]
[laravel.pixelstrap.com/viho/assets/js/editor/summernote/summernote.custom.js]
[laravel.pixelstrap.com/viho/editors/summernote.html]
[laravel.pixelstrap.com/viho/assets/js/editor/ckeditor/styles.js]
[laravel.pixelstrap.com/viho/assets/js/editor/ckeditor/ckeditor.custom.js]
[laravel.pixelstrap.com/viho/editors/ckeditor.html]
[laravel.pixelstrap.com/viho/assets/js/editor/simple-mde/simplemde.min.js]
[laravel.pixelstrap.com/viho/assets/js/editor/simple-mde/simplemde.custom.js]
[laravel.pixelstrap.com/viho/editors/simple-MDE.html]
[laravel.pixelstrap.com/viho/assets/js/editor/ace-editor/ace.js]
[laravel.pixelstrap.com/viho/assets/js/editor/ace-editor/ace-custom.js]
[laravel.pixelstrap.com/viho/assets/js/editor/ace-editor/mode-css.js]
[laravel.pixelstrap.com/viho/assets/js/editor/ace-editor/mode-html.js]
[laravel.pixelstrap.com/viho/assets/js/editor/ace-editor/mode-javascript.js]
[laravel.pixelstrap.com/viho/assets/js/editor/ace-editor/mode-php.js]
[laravel.pixelstrap.com/viho/assets/js/editor/ace-editor/theme-monokai.js]
[laravel.pixelstrap.com/viho/assets/js/editor/ace-editor/worker-css.js]
[laravel.pixelstrap.com/viho/assets/js/editor/ace-editor/worker-html.js]
[laravel.pixelstrap.com/viho/assets/js/editor/ace-editor/worker-javascript.js]
[laravel.pixelstrap.com/viho/assets/js/editor/ace-editor/worker-php.js]
[laravel.pixelstrap.com/viho/editors/ace-code-editor.html]
[laravel.pixelstrap.com/viho/assets/images/knowledgebase/bg_1.jpg]
[laravel.pixelstrap.com/viho/knowledgebase.html]
[laravel.pixelstrap.com/viho/assets/fonts/font-awesome/fontawesome-webfont3e6e.svg]
[laravel.pixelstrap.com/viho/assets/fonts/ico/icofont7858.svg]
[laravel.pixelstrap.com/viho/assets/fonts/themify/themify9f24.svg]
[laravel.pixelstrap.com/viho/assets/fonts/flag-icon/es-ct.svg]
[laravel.pixelstrap.com/viho/assets/fonts/flag-icon/eu.svg]
[laravel.pixelstrap.com/viho/assets/fonts/flag-icon/gb-eng.svg]
[laravel.pixelstrap.com/viho/assets/fonts/flag-icon/gb-nir.svg]
[laravel.pixelstrap.com/viho/assets/fonts/flag-icon/gb-sct.svg]
[laravel.pixelstrap.com/viho/assets/fonts/flag-icon/gb-wls.svg]
[laravel.pixelstrap.com/viho/assets/fonts/flag-icon/un.svg]
[laravel.pixelstrap.com/viho/assets/fonts/flag-icon/ad.svg]
[laravel.pixelstrap.com/viho/assets/fonts/flag-icon/ae.svg]
[laravel.pixelstrap.com/viho/assets/fonts/flag-icon/af.svg]
[laravel.pixelstrap.com/viho/assets/fonts/flag-icon/ag.svg]
[laravel.pixelstrap.com/viho/assets/fonts/flag-icon/ai.svg]
[laravel.pixelstrap.com/viho/assets/fonts/flag-icon/al.svg]
[laravel.pixelstrap.com/viho/assets/fonts/flag-icon/am.svg]
[laravel.pixelstrap.com/viho/assets/fonts/flag-icon/ao.svg]
[laravel.pixelstrap.com/viho/assets/fonts/flag-icon/aq.svg]
[laravel.pixelstrap.com/viho/assets/fonts/flag-icon/ar.svg]
[laravel.pixelstrap.com/viho/assets/fonts/flag-icon/as.svg]
[laravel.pixelstrap.com/viho/assets/fonts/flag-icon/at.svg]
[laravel.pixelstrap.com/viho/assets/fonts/flag-icon/au.svg]
[laravel.pixelstrap.com/viho/assets/fonts/flag-icon/aw.svg]
[laravel.pixelstrap.com/viho/assets/fonts/flag-icon/ax.svg]
[laravel.pixelstrap.com/viho/assets/fonts/flag-icon/az.svg]
[laravel.pixelstrap.com/viho/assets/fonts/flag-icon/ba.svg]
[laravel.pixelstrap.com/viho/assets/fonts/flag-icon/bb.svg]
[laravel.pixelstrap.com/viho/assets/fonts/flag-icon/bd.svg]
[laravel.pixelstrap.com/viho/assets/fonts/flag-icon/be.svg]
[laravel.pixelstrap.com/viho/assets/fonts/flag-icon/bf.svg]
[laravel.pixelstrap.com/viho/assets/fonts/flag-icon/bg.svg]
[laravel.pixelstrap.com/viho/assets/fonts/flag-icon/bh.svg]
[laravel.pixelstrap.com/viho/assets/fonts/flag-icon/bi.svg]
[laravel.pixelstrap.com/viho/assets/fonts/flag-icon/bj.svg]
[laravel.pixelstrap.com/viho/assets/fonts/flag-icon/bl.svg]
[laravel.pixelstrap.com/viho/assets/fonts/flag-icon/bm.svg]
[laravel.pixelstrap.com/viho/assets/fonts/flag-icon/bn.svg]
[laravel.pixelstrap.com/viho/assets/fonts/flag-icon/bo.svg]
[laravel.pixelstrap.com/viho/assets/fonts/flag-icon/bq.svg]
[laravel.pixelstrap.com/viho/assets/fonts/flag-icon/br.svg]
[laravel.pixelstrap.com/viho/assets/fonts/flag-icon/bs.svg]
[laravel.pixelstrap.com/viho/assets/fonts/flag-icon/bt.svg]
[laravel.pixelstrap.com/viho/assets/fonts/flag-icon/bv.svg]
[laravel.pixelstrap.com/viho/assets/fonts/flag-icon/bw.svg]
[laravel.pixelstrap.com/viho/assets/fonts/flag-icon/by.svg]
[laravel.pixelstrap.com/viho/assets/fonts/flag-icon/bz.svg]
[laravel.pixelstrap.com/viho/assets/fonts/flag-icon/ca.svg]
[laravel.pixelstrap.com/viho/assets/fonts/flag-icon/cc.svg]
[laravel.pixelstrap.com/viho/assets/fonts/flag-icon/cd.svg]
[laravel.pixelstrap.com/viho/assets/fonts/flag-icon/cf.svg]
[laravel.pixelstrap.com/viho/assets/fonts/flag-icon/cg.svg]
[laravel.pixelstrap.com/viho/assets/fonts/flag-icon/ch.svg]
[laravel.pixelstrap.com/viho/assets/fonts/flag-icon/ci.svg]
[laravel.pixelstrap.com/viho/assets/fonts/flag-icon/ck.svg]
[laravel.pixelstrap.com/viho/assets/fonts/flag-icon/cl.svg]
[laravel.pixelstrap.com/viho/assets/fonts/flag-icon/cm.svg]
[laravel.pixelstrap.com/viho/assets/fonts/flag-icon/cn.svg]
[laravel.pixelstrap.com/viho/assets/fonts/flag-icon/co.svg]
[laravel.pixelstrap.com/viho/assets/fonts/flag-icon/cr.svg]
[laravel.pixelstrap.com/viho/assets/fonts/flag-icon/cu.svg]
[laravel.pixelstrap.com/viho/assets/fonts/flag-icon/cv.svg]
[laravel.pixelstrap.com/viho/assets/fonts/flag-icon/cw.svg]
[laravel.pixelstrap.com/viho/assets/fonts/flag-icon/cx.svg]
[laravel.pixelstrap.com/viho/assets/fonts/flag-icon/cy.svg]
[laravel.pixelstrap.com/viho/assets/fonts/flag-icon/cz.svg]
[laravel.pixelstrap.com/viho/assets/fonts/flag-icon/de.svg]
[laravel.pixelstrap.com/viho/assets/fonts/flag-icon/dj.svg]
[laravel.pixelstrap.com/viho/assets/fonts/flag-icon/dk.svg]
[laravel.pixelstrap.com/viho/assets/fonts/flag-icon/dm.svg]
[laravel.pixelstrap.com/viho/assets/fonts/flag-icon/do.svg]
[laravel.pixelstrap.com/viho/assets/fonts/flag-icon/dz.svg]
[laravel.pixelstrap.com/viho/assets/fonts/flag-icon/ec.svg]
[laravel.pixelstrap.com/viho/assets/fonts/flag-icon/ee.svg]
[laravel.pixelstrap.com/viho/assets/fonts/flag-icon/eg.svg]
[laravel.pixelstrap.com/viho/assets/fonts/flag-icon/eh.svg]
[laravel.pixelstrap.com/viho/assets/fonts/flag-icon/er.svg]
[laravel.pixelstrap.com/viho/assets/fonts/flag-icon/es.svg]
[laravel.pixelstrap.com/viho/assets/fonts/flag-icon/et.svg]
[laravel.pixelstrap.com/viho/assets/fonts/flag-icon/fi.svg]
[laravel.pixelstrap.com/viho/assets/fonts/flag-icon/fj.svg]
[laravel.pixelstrap.com/viho/assets/fonts/flag-icon/fk.svg]
[laravel.pixelstrap.com/viho/assets/fonts/flag-icon/fm.svg]
[laravel.pixelstrap.com/viho/assets/fonts/flag-icon/fo.svg]
[laravel.pixelstrap.com/viho/assets/fonts/flag-icon/fr.svg]
[laravel.pixelstrap.com/viho/assets/fonts/flag-icon/ga.svg]
[laravel.pixelstrap.com/viho/assets/fonts/flag-icon/gb.svg]
[laravel.pixelstrap.com/viho/assets/fonts/flag-icon/gd.svg]
[laravel.pixelstrap.com/viho/assets/fonts/flag-icon/ge.svg]
[laravel.pixelstrap.com/viho/assets/fonts/flag-icon/gf.svg]
[laravel.pixelstrap.com/viho/assets/fonts/flag-icon/gg.svg]
[laravel.pixelstrap.com/viho/assets/fonts/flag-icon/gh.svg]
[laravel.pixelstrap.com/viho/assets/fonts/flag-icon/gi.svg]
[laravel.pixelstrap.com/viho/assets/fonts/flag-icon/gl.svg]
[laravel.pixelstrap.com/viho/assets/fonts/flag-icon/gm.svg]
[laravel.pixelstrap.com/viho/assets/fonts/flag-icon/gn.svg]
[laravel.pixelstrap.com/viho/assets/fonts/flag-icon/gp.svg]
[laravel.pixelstrap.com/viho/assets/fonts/flag-icon/gq.svg]
[laravel.pixelstrap.com/viho/assets/fonts/flag-icon/gr.svg]
[laravel.pixelstrap.com/viho/assets/fonts/flag-icon/gs.svg]
[laravel.pixelstrap.com/viho/assets/fonts/flag-icon/gt.svg]
[laravel.pixelstrap.com/viho/assets/fonts/flag-icon/gu.svg]
[laravel.pixelstrap.com/viho/assets/fonts/flag-icon/gw.svg]
[laravel.pixelstrap.com/viho/assets/fonts/flag-icon/gy.svg]
[laravel.pixelstrap.com/viho/assets/fonts/flag-icon/hk.svg]
[laravel.pixelstrap.com/viho/assets/fonts/flag-icon/hm.svg]
[laravel.pixelstrap.com/viho/assets/fonts/flag-icon/hn.svg]
[laravel.pixelstrap.com/viho/assets/fonts/flag-icon/hr.svg]
[laravel.pixelstrap.com/viho/assets/fonts/flag-icon/ht.svg]
[laravel.pixelstrap.com/viho/assets/fonts/flag-icon/hu.svg]
[laravel.pixelstrap.com/viho/assets/fonts/flag-icon/id.svg]
[laravel.pixelstrap.com/viho/assets/fonts/flag-icon/ie.svg]
[laravel.pixelstrap.com/viho/assets/fonts/flag-icon/il.svg]
[laravel.pixelstrap.com/viho/assets/fonts/flag-icon/im.svg]
[laravel.pixelstrap.com/viho/assets/fonts/flag-icon/in.svg]
[laravel.pixelstrap.com/viho/assets/fonts/flag-icon/io.svg]
[laravel.pixelstrap.com/viho/assets/fonts/flag-icon/iq.svg]
[laravel.pixelstrap.com/viho/assets/fonts/flag-icon/ir.svg]
[laravel.pixelstrap.com/viho/assets/fonts/flag-icon/is.svg]
[laravel.pixelstrap.com/viho/assets/fonts/flag-icon/it.svg]
[laravel.pixelstrap.com/viho/assets/fonts/flag-icon/je.svg]
[laravel.pixelstrap.com/viho/assets/fonts/flag-icon/jm.svg]
[laravel.pixelstrap.com/viho/assets/fonts/flag-icon/jo.svg]
[laravel.pixelstrap.com/viho/assets/fonts/flag-icon/jp.svg]
[laravel.pixelstrap.com/viho/assets/fonts/flag-icon/ke.svg]
[laravel.pixelstrap.com/viho/assets/fonts/flag-icon/kg.svg]
[laravel.pixelstrap.com/viho/assets/fonts/flag-icon/kh.svg]
[laravel.pixelstrap.com/viho/assets/fonts/flag-icon/ki.svg]
[laravel.pixelstrap.com/viho/assets/fonts/flag-icon/km.svg]
[laravel.pixelstrap.com/viho/assets/fonts/flag-icon/kn.svg]
[laravel.pixelstrap.com/viho/assets/fonts/flag-icon/kp.svg]
[laravel.pixelstrap.com/viho/assets/fonts/flag-icon/kr.svg]
[laravel.pixelstrap.com/viho/assets/fonts/flag-icon/kw.svg]
[laravel.pixelstrap.com/viho/assets/fonts/flag-icon/ky.svg]
[laravel.pixelstrap.com/viho/assets/fonts/flag-icon/kz.svg]
[laravel.pixelstrap.com/viho/assets/fonts/flag-icon/la.svg]
[laravel.pixelstrap.com/viho/assets/fonts/flag-icon/lb.svg]
[laravel.pixelstrap.com/viho/assets/fonts/flag-icon/lc.svg]
[laravel.pixelstrap.com/viho/assets/fonts/flag-icon/li.svg]
[laravel.pixelstrap.com/viho/assets/fonts/flag-icon/lk.svg]
[laravel.pixelstrap.com/viho/assets/fonts/flag-icon/lr.svg]
[laravel.pixelstrap.com/viho/assets/fonts/flag-icon/ls.svg]
[laravel.pixelstrap.com/viho/assets/fonts/flag-icon/lt.svg]
[laravel.pixelstrap.com/viho/assets/fonts/flag-icon/lu.svg]
[laravel.pixelstrap.com/viho/assets/fonts/flag-icon/lv.svg]
[laravel.pixelstrap.com/viho/assets/fonts/flag-icon/ly.svg]
[laravel.pixelstrap.com/viho/assets/fonts/flag-icon/ma.svg]
[laravel.pixelstrap.com/viho/assets/fonts/flag-icon/mc.svg]
[laravel.pixelstrap.com/viho/assets/fonts/flag-icon/md.svg]
[laravel.pixelstrap.com/viho/assets/fonts/flag-icon/me.svg]
[laravel.pixelstrap.com/viho/assets/fonts/flag-icon/mf.svg]
[laravel.pixelstrap.com/viho/assets/fonts/flag-icon/mg.svg]
[laravel.pixelstrap.com/viho/assets/fonts/flag-icon/mh.svg]
[laravel.pixelstrap.com/viho/assets/fonts/flag-icon/mk.svg]
[laravel.pixelstrap.com/viho/assets/fonts/flag-icon/ml.svg]
[laravel.pixelstrap.com/viho/assets/fonts/flag-icon/mm.svg]
[laravel.pixelstrap.com/viho/assets/fonts/flag-icon/mn.svg]
[laravel.pixelstrap.com/viho/assets/fonts/flag-icon/mo.svg]
[laravel.pixelstrap.com/viho/assets/fonts/flag-icon/mp.svg]
[laravel.pixelstrap.com/viho/assets/fonts/flag-icon/mq.svg]
[laravel.pixelstrap.com/viho/assets/fonts/flag-icon/mr.svg]
[laravel.pixelstrap.com/viho/assets/fonts/flag-icon/ms.svg]
[laravel.pixelstrap.com/viho/assets/fonts/flag-icon/mt.svg]
[laravel.pixelstrap.com/viho/assets/fonts/flag-icon/mu.svg]
[laravel.pixelstrap.com/viho/assets/fonts/flag-icon/mv.svg]
[laravel.pixelstrap.com/viho/assets/fonts/flag-icon/mw.svg]
[laravel.pixelstrap.com/viho/assets/fonts/flag-icon/mx.svg]
[laravel.pixelstrap.com/viho/assets/fonts/flag-icon/my.svg]
[laravel.pixelstrap.com/viho/assets/fonts/flag-icon/mz.svg]
[laravel.pixelstrap.com/viho/assets/fonts/flag-icon/na.svg]
[laravel.pixelstrap.com/viho/assets/fonts/flag-icon/nc.svg]
[laravel.pixelstrap.com/viho/assets/fonts/flag-icon/ne.svg]
[laravel.pixelstrap.com/viho/assets/fonts/flag-icon/nf.svg]
[laravel.pixelstrap.com/viho/assets/fonts/flag-icon/ng.svg]
[laravel.pixelstrap.com/viho/assets/fonts/flag-icon/ni.svg]
[laravel.pixelstrap.com/viho/assets/fonts/flag-icon/nl.svg]
[laravel.pixelstrap.com/viho/assets/fonts/flag-icon/no.svg]
[laravel.pixelstrap.com/viho/assets/fonts/flag-icon/np.svg]
[laravel.pixelstrap.com/viho/assets/fonts/flag-icon/nr.svg]
[laravel.pixelstrap.com/viho/assets/fonts/flag-icon/nu.svg]
[laravel.pixelstrap.com/viho/assets/fonts/flag-icon/nz.svg]
[laravel.pixelstrap.com/viho/assets/fonts/flag-icon/om.svg]
[laravel.pixelstrap.com/viho/assets/fonts/flag-icon/pa.svg]
[laravel.pixelstrap.com/viho/assets/fonts/flag-icon/pe.svg]
[laravel.pixelstrap.com/viho/assets/fonts/flag-icon/pf.svg]
[laravel.pixelstrap.com/viho/assets/fonts/flag-icon/pg.svg]
[laravel.pixelstrap.com/viho/assets/fonts/flag-icon/ph.svg]
[laravel.pixelstrap.com/viho/assets/fonts/flag-icon/pk.svg]
[laravel.pixelstrap.com/viho/assets/fonts/flag-icon/pl.svg]
[laravel.pixelstrap.com/viho/assets/fonts/flag-icon/pm.svg]
[laravel.pixelstrap.com/viho/assets/fonts/flag-icon/pn.svg]
[laravel.pixelstrap.com/viho/assets/fonts/flag-icon/pr.svg]
[laravel.pixelstrap.com/viho/assets/fonts/flag-icon/ps.svg]
[laravel.pixelstrap.com/viho/assets/fonts/flag-icon/pt.svg]
[laravel.pixelstrap.com/viho/assets/fonts/flag-icon/pw.svg]
[laravel.pixelstrap.com/viho/assets/fonts/flag-icon/py.svg]
[laravel.pixelstrap.com/viho/assets/fonts/flag-icon/qa.svg]
[laravel.pixelstrap.com/viho/assets/fonts/flag-icon/re.svg]
[laravel.pixelstrap.com/viho/assets/fonts/flag-icon/ro.svg]
[laravel.pixelstrap.com/viho/assets/fonts/flag-icon/rs.svg]
[laravel.pixelstrap.com/viho/assets/fonts/flag-icon/ru.svg]
[laravel.pixelstrap.com/viho/assets/fonts/flag-icon/rw.svg]
[laravel.pixelstrap.com/viho/assets/fonts/flag-icon/sa.svg]
[laravel.pixelstrap.com/viho/assets/fonts/flag-icon/sb.svg]
[laravel.pixelstrap.com/viho/assets/fonts/flag-icon/sc.svg]
[laravel.pixelstrap.com/viho/assets/fonts/flag-icon/sd.svg]
[laravel.pixelstrap.com/viho/assets/fonts/flag-icon/se.svg]
[laravel.pixelstrap.com/viho/assets/fonts/flag-icon/sg.svg]
[laravel.pixelstrap.com/viho/assets/fonts/flag-icon/sh.svg]
[laravel.pixelstrap.com/viho/assets/fonts/flag-icon/si.svg]
[laravel.pixelstrap.com/viho/assets/fonts/flag-icon/sj.svg]
[laravel.pixelstrap.com/viho/assets/fonts/flag-icon/sk.svg]
[laravel.pixelstrap.com/viho/assets/fonts/flag-icon/sl.svg]
[laravel.pixelstrap.com/viho/assets/fonts/flag-icon/sm.svg]
[laravel.pixelstrap.com/viho/assets/fonts/flag-icon/sn.svg]
[laravel.pixelstrap.com/viho/assets/fonts/flag-icon/so.svg]
[laravel.pixelstrap.com/viho/assets/fonts/flag-icon/sr.svg]
[laravel.pixelstrap.com/viho/assets/fonts/flag-icon/ss.svg]
[laravel.pixelstrap.com/viho/assets/fonts/flag-icon/st.svg]
[laravel.pixelstrap.com/viho/assets/fonts/flag-icon/sv.svg]
[laravel.pixelstrap.com/viho/assets/fonts/flag-icon/sx.svg]
[laravel.pixelstrap.com/viho/assets/fonts/flag-icon/sy.svg]
[laravel.pixelstrap.com/viho/assets/fonts/flag-icon/sz.svg]
[laravel.pixelstrap.com/viho/assets/fonts/flag-icon/tc.svg]
[laravel.pixelstrap.com/viho/assets/fonts/flag-icon/td.svg]
[laravel.pixelstrap.com/viho/assets/fonts/flag-icon/tf.svg]
[laravel.pixelstrap.com/viho/assets/fonts/flag-icon/tg.svg]
[laravel.pixelstrap.com/viho/assets/fonts/flag-icon/th.svg]
[laravel.pixelstrap.com/viho/assets/fonts/flag-icon/tj.svg]
[laravel.pixelstrap.com/viho/assets/fonts/flag-icon/tk.svg]
[laravel.pixelstrap.com/viho/assets/fonts/flag-icon/tl.svg]
[laravel.pixelstrap.com/viho/assets/fonts/flag-icon/tm.svg]
[laravel.pixelstrap.com/viho/assets/fonts/flag-icon/tn.svg]
[laravel.pixelstrap.com/viho/assets/fonts/flag-icon/to.svg]
[laravel.pixelstrap.com/viho/assets/fonts/flag-icon/tr.svg]
[laravel.pixelstrap.com/viho/assets/fonts/flag-icon/tt.svg]
[laravel.pixelstrap.com/viho/assets/fonts/flag-icon/tv.svg]
[laravel.pixelstrap.com/viho/assets/fonts/flag-icon/tw.svg]
[laravel.pixelstrap.com/viho/assets/fonts/flag-icon/tz.svg]
[laravel.pixelstrap.com/viho/assets/fonts/flag-icon/ua.svg]
[laravel.pixelstrap.com/viho/assets/fonts/flag-icon/ug.svg]
[laravel.pixelstrap.com/viho/assets/fonts/flag-icon/um.svg]
[laravel.pixelstrap.com/viho/assets/fonts/flag-icon/us.svg]
[laravel.pixelstrap.com/viho/assets/fonts/flag-icon/uy.svg]
[laravel.pixelstrap.com/viho/assets/fonts/flag-icon/uz.svg]
[laravel.pixelstrap.com/viho/assets/fonts/flag-icon/va.svg]
[laravel.pixelstrap.com/viho/assets/fonts/flag-icon/vc.svg]
[laravel.pixelstrap.com/viho/assets/fonts/flag-icon/ve.svg]
[laravel.pixelstrap.com/viho/assets/fonts/flag-icon/vg.svg]
[laravel.pixelstrap.com/viho/assets/fonts/flag-icon/vi.svg]
[laravel.pixelstrap.com/viho/assets/fonts/flag-icon/vn.svg]
[laravel.pixelstrap.com/viho/assets/fonts/flag-icon/vu.svg]
[laravel.pixelstrap.com/viho/assets/fonts/flag-icon/wf.svg]
[laravel.pixelstrap.com/viho/assets/fonts/flag-icon/ws.svg]
[laravel.pixelstrap.com/viho/assets/fonts/flag-icon/ye.svg]
[laravel.pixelstrap.com/viho/assets/fonts/flag-icon/yt.svg]
[laravel.pixelstrap.com/viho/assets/fonts/flag-icon/za.svg]
[laravel.pixelstrap.com/viho/assets/fonts/flag-icon/zm.svg]
[laravel.pixelstrap.com/viho/assets/fonts/flag-icon/zw.svg]
[laravel.pixelstrap.com/viho/assets/images/sidebar-pattern/1.html]
[laravel.pixelstrap.com/viho/assets/images/sidebar-image/1.html]
[laravel.pixelstrap.com/viho/assets/images/sidebar-pattern/2.html]
[laravel.pixelstrap.com/viho/assets/images/sidebar-image/2.html]
[laravel.pixelstrap.com/viho/assets/images/sidebar-pattern/3.html]
[laravel.pixelstrap.com/viho/assets/images/sidebar-image/3.html]
[laravel.pixelstrap.com/viho/assets/images/sidebar-pattern/4.html]
[laravel.pixelstrap.com/viho/assets/images/sidebar-image/4.html]
[laravel.pixelstrap.com/viho/assets/images/sidebar-pattern/5.html]
[laravel.pixelstrap.com/viho/assets/images/sidebar-image/5.html]
[laravel.pixelstrap.com/viho/assets/images/sidebar-pattern/6.html]
[laravel.pixelstrap.com/viho/assets/images/sidebar-image/6.html]
[laravel.pixelstrap.com/viho/assets/images/sec.svg]
[laravel.pixelstrap.com/viho/assets/images/min.svg]
[laravel.pixelstrap.com/viho/assets/images/hour.svg]
[laravel.pixelstrap.com/viho/assets/css/owlcarousel.css]
[laravel.pixelstrap.com/viho/dashboard/user-profile.html]
[laravel.pixelstrap.com/viho/assets/css/whether-icon.css]
[laravel.pixelstrap.com/viho/widgets/user-profile.html]
[laravel.pixelstrap.com/viho/widgets/social-app.html]
[laravel.pixelstrap.com/viho/ui-kits/user-profile.html]
[laravel.pixelstrap.com/viho/assets/css/scrollable.css]
[laravel.pixelstrap.com/viho/bonus-ui/user-profile.html]
[laravel.pixelstrap.com/viho/assets/images/tree/32px.png]
[laravel.pixelstrap.com/viho/assets/images/tree/throbber.gif]
[laravel.pixelstrap.com/viho/assets/images/tree/40px.png]
[laravel.pixelstrap.com/viho/assets/images/icon-tree.png]
[laravel.pixelstrap.com/viho/assets/images/throbber.gif]
[laravel.pixelstrap.com/viho/assets/images/tree-1.png]
[laravel.pixelstrap.com/viho/assets/css/tree.css]
[laravel.pixelstrap.com/viho/assets/css/${file-1x}]
[laravel.pixelstrap.com/viho/assets/css/${file-2x}]
[laravel.pixelstrap.com/viho/assets/css/rating.css]
[laravel.pixelstrap.com/viho/assets/css/dropzone-spritemap.png]
[laravel.pixelstrap.com/viho/assets/css/dropzone.css]
[laravel.pixelstrap.com/viho/assets/css/tour.css]
[laravel.pixelstrap.com/viho/assets/css/sweetalert2.css]
[laravel.pixelstrap.com/viho/assets/images/range-slider/sprite-skin-modern-1.png]
[laravel.pixelstrap.com/viho/assets/css/range-slider.css]
[laravel.pixelstrap.com/viho/assets/css/image-cropper.css]
[laravel.pixelstrap.com/viho/assets/css/sticky.css]
[laravel.pixelstrap.com/viho/builders/user-profile.html]
[laravel.pixelstrap.com/viho/assets/css/page-builder.css]
[laravel.pixelstrap.com/viho/assets/images/button_builder/colorpicker_overlay.png]
[laravel.pixelstrap.com/viho/assets/images/button_builder/colorpicker_select.gif]
[laravel.pixelstrap.com/viho/assets/images/button_builder/select.png]
[laravel.pixelstrap.com/viho/assets/images/button_builder/checkbox-sprite.png]
[laravel.pixelstrap.com/viho/assets/images/button_builder/hex_bg.gif]
[laravel.pixelstrap.com/viho/assets/images/button_builder/rainbow.png]
[laravel.pixelstrap.com/viho/assets/images/button_builder/scroll.png]
[laravel.pixelstrap.com/viho/assets/css/button-builder.css]
[laravel.pixelstrap.com/viho/animation/user-profile.html]
[laravel.pixelstrap.com/viho/assets/images/lightgallry/default-skin.png]
[laravel.pixelstrap.com/viho/assets/css/preloader.gif]
[laravel.pixelstrap.com/viho/assets/css/photoswipe.css]
[laravel.pixelstrap.com/viho/assets/css/aos.css]
[laravel.pixelstrap.com/viho/icons/user-profile.html]
[laravel.pixelstrap.com/viho/buttons/user-profile.html]
[laravel.pixelstrap.com/viho/charts/user-profile.html]
[laravel.pixelstrap.com/viho/form-controls/user-profile.html]
[laravel.pixelstrap.com/viho/form-widgets/user-profile.html]
[laravel.pixelstrap.com/viho/assets/css/timepicker.css]
[laravel.pixelstrap.com/viho/assets/css/daterange-picker.css]
[laravel.pixelstrap.com/viho/assets/css/select2.css]
[laravel.pixelstrap.com/viho/form-layout/user-profile.html]
[laravel.pixelstrap.com/viho/bootstrap-tables/user-profile.html]
[laravel.pixelstrap.com/viho/assets/images/sort_both.png]
[laravel.pixelstrap.com/viho/assets/images/sort_asc.png]
[laravel.pixelstrap.com/viho/assets/images/sort_desc.png]
[laravel.pixelstrap.com/viho/assets/images/sort_asc_disabled.png]
[laravel.pixelstrap.com/viho/assets/images/sort_desc_disabled.png]
[laravel.pixelstrap.com/viho/assets/css/datatables.css]
[laravel.pixelstrap.com/viho/data-tables/user-profile.html]
[laravel.pixelstrap.com/viho/assets/css/datatable-extension.css]
[laravel.pixelstrap.com/viho/ex-data-tables/user-profile.html]
[laravel.pixelstrap.com/viho/assets/images/js-grid.png]
[laravel.pixelstrap.com/viho/assets/css/jsgrid.css]
[laravel.pixelstrap.com/viho/project/user-profile.html]
[laravel.pixelstrap.com/viho/assets/css/jkanban.css]
[laravel.pixelstrap.com/viho/ecommerce/user-profile.html]
[laravel.pixelstrap.com/viho/assets/css/slick.css]
[laravel.pixelstrap.com/viho/assets/images/ajax-loader.gif]
[laravel.pixelstrap.com/viho/assets/fonts/slick/slick.eot]
[laravel.pixelstrap.com/viho/assets/fonts/slick/slickd41d.eot]
[laravel.pixelstrap.com/viho/assets/fonts/slick/slick.woff]
[laravel.pixelstrap.com/viho/assets/fonts/slick/slick.ttf]
[laravel.pixelstrap.com/viho/assets/css/slick-theme.css]
[laravel.pixelstrap.com/viho/email/user-profile.html]
[laravel.pixelstrap.com/viho/chat/user-profile.html]
[laravel.pixelstrap.com/viho/assets/js/task/custom.js]
[laravel.pixelstrap.com/viho/assets/fonts/calendar/icon.eot]
[laravel.pixelstrap.com/viho/assets/fonts/calendar/icon.ttf]
[laravel.pixelstrap.com/viho/assets/fonts/calendar/icon.woff]
[laravel.pixelstrap.com/viho/assets/images/calender/img-bi.png]
[laravel.pixelstrap.com/viho/assets/images/calender/ic-view-month.png]
[laravel.pixelstrap.com/viho/assets/images/calender/ic-view-week.png]
[laravel.pixelstrap.com/viho/assets/images/calender/ic-view-day.png]
[laravel.pixelstrap.com/viho/assets/images/calender/ic-arrow-line-left.png]
[laravel.pixelstrap.com/viho/assets/images/calender/ic-arrow-line-right.png]
[laravel.pixelstrap.com/viho/assets/images/calender/ic-traveltime-w.png]
[laravel.pixelstrap.com/viho/assets/css/calendar.css]
[laravel.pixelstrap.com/viho/assets/css/todo.css]
[laravel.pixelstrap.com/viho/index.html]
[laravel.pixelstrap.com/viho/gallery/user-profile.html]
[laravel.pixelstrap.com/viho/blog-single.html]
[laravel.pixelstrap.com/viho/learning-detailed.html]
[laravel.pixelstrap.com/viho/blog/user-profile.html]
[laravel.pixelstrap.com/viho/blog/user-profile-2.html]
[laravel.pixelstrap.com/viho/job-search/user-profile.html]
[laravel.pixelstrap.com/viho/learning/user-profile.html]
[laravel.pixelstrap.com/viho/learning/learning-detailed-2.html]
[laravel.pixelstrap.com/viho/learning/user-profile-2.html]
[laravel.pixelstrap.com/viho/assets/css/mapsjs-ui.css]
[laravel.pixelstrap.com/viho/maps/user-profile.html]
[laravel.pixelstrap.com/viho/assets/fonts/summernote/summernote9d3d.eot]
[laravel.pixelstrap.com/viho/login-sa-validation.html]
[laravel.pixelstrap.com/viho/assets/fonts/summernote/summernoted41d.eot]
[laravel.pixelstrap.com/viho/assets/fonts/summernote/summernote9d3d.woff]
[laravel.pixelstrap.com/viho/assets/fonts/summernote/summernote9d3d.ttf]
[laravel.pixelstrap.com/viho/assets/css/summernote.css]
[laravel.pixelstrap.com/viho/editors/user-profile.html]
[laravel.pixelstrap.com/viho/assets/css/simple-mde.css]
[laravel.pixelstrap.com/viho/assets/images/icon-tree.html]
[laravel.pixelstrap.com/viho/assets/images/throbber.html]
[laravel.pixelstrap.com/viho/assets/images/tree-1.html]
[laravel.pixelstrap.com/viho/assets/css/${file-1x}.html]
[laravel.pixelstrap.com/viho/assets/css/${file-2x}.html]
[laravel.pixelstrap.com/viho/assets/css/dropzone-spritemap.html]
[laravel.pixelstrap.com/viho/assets/images/lightgallry/default-skin.svg]
[laravel.pixelstrap.com/viho/assets/css/preloader.html]
[laravel.pixelstrap.com/viho/assets/fonts/slick/slick.svg]
[laravel.pixelstrap.com/viho/assets/fonts/calendar/icon.svg]
[laravel.pixelstrap.com/viho/login-sa-validation.html]
